#
# A fatal error has been detected by the Java Runtime Environment:
#
#  EXCEPTION_ACCESS_VIOLATION (0xc0000005) at pc=0x000000006b0c9575, pid=21076, tid=0x0000000000000520
#
# JRE version: Java(TM) SE Runtime Environment (8.0_92-b14) (build 1.8.0_92-b14)
# Java VM: Java HotSpot(TM) 64-Bit Server VM (25.92-b14 mixed mode windows-amd64 compressed oops)
# Problematic frame:
# V  [jvm.dll+0x129575]
#
# Failed to write core dump. Minidumps are not enabled by default on client versions of Windows
#
# If you would like to submit a bug report, please visit:
#   http://bugreport.java.com/bugreport/crash.jsp
#

---------------  T H R E A D  ---------------

Current thread (0x0000000017ace800):  JavaThread "JDWP Transport Listener: dt_socket" daemon [_thread_in_vm, id=1312, stack(0x0000000019460000,0x0000000019560000)]

siginfo: ExceptionCode=0xc0000005, reading address 0xffffffffffffffff

Registers:
RAX=0x000000001955f601, RBX=0x0000000017ace800, RCX=0x6e003b746c757365, RDX=0x0000000000000000
RSP=0x000000001955f630, RBP=0x6e003b746c757365, RSI=0x000000001955f748, RDI=0x0000000002ea33f0
R8 =0x0000000017ace800, R9 =0x0000000000000001, R10=0x0000000000008000, R11=0x000000001955f580
R12=0x0000000000000000, R13=0x0000000017ad9118, R14=0x0000000000000000, R15=0x0000000000000000
RIP=0x000000006b0c9575, EFLAGS=0x0000000000010206

Top of Stack: (sp=0x000000001955f630)
0x000000001955f630:   0000000017ace800 0000000017ace800
0x000000001955f640:   000000001955f6f8 000000006b2cfbab
0x000000001955f650:   0000000017ace800 000000006b2ec40d
0x000000001955f660:   0000000000000082 000000006ce59155
0x000000001955f670:   00000000223c92b8 000000006ce6291e
0x000000001955f680:   0000000017ace800 0000000000000000
0x000000001955f690:   0000000000000000 0000000000000000
0x000000001955f6a0:   6e003b746c757365 000000006ce61a15
0x000000001955f6b0:   000000001955f748 000000001955f720
0x000000001955f6c0:   0000000000000001 00000000223c92b8
0x000000001955f6d0:   6e003b746c757365 000000006ce453b3
0x000000001955f6e0:   000000001955f810 0000000000000001
0x000000001955f6f0:   0000000000000001 00000000223c92b8
0x000000001955f700:   0000000000000001 0000000000000000
0x000000001955f710:   0000000000000000 0000000000000000
0x000000001955f720:   0000000000000001 000000006ce45571 

Instructions: (pc=0x000000006b0c9575)
0x000000006b0c9555:   cc cc cc cc cc cc cc cc cc cc cc 48 83 ec 28 48
0x000000006b0c9565:   85 c9 75 07 33 c0 48 83 c4 28 c3 48 89 5c 24 20
0x000000006b0c9575:   48 8b 19 48 85 db 74 20 48 83 fb 37 74 1a 48 8b
0x000000006b0c9585:   13 48 8b cb ff 52 10 84 c0 74 0d 48 8b c3 48 8b 


Register to memory mapping:

RAX=0x000000001955f601 is pointing into the stack for thread: 0x0000000017ace800
RBX=0x0000000017ace800 is a thread
RCX=0x6e003b746c757365 is an unknown value
RDX=0x0000000000000000 is an unknown value
RSP=0x000000001955f630 is pointing into the stack for thread: 0x0000000017ace800
RBP=0x6e003b746c757365 is an unknown value
RSI=0x000000001955f748 is pointing into the stack for thread: 0x0000000017ace800
RDI=0x0000000002ea33f0 is an unknown value
R8 =0x0000000017ace800 is a thread
R9 =0x0000000000000001 is an unknown value
R10=0x0000000000008000 is an unknown value
R11=0x000000001955f580 is pointing into the stack for thread: 0x0000000017ace800
R12=0x0000000000000000 is an unknown value
R13=0x0000000017ad9118 is an unknown value
R14=0x0000000000000000 is an unknown value
R15=0x0000000000000000 is an unknown value


Stack: [0x0000000019460000,0x0000000019560000],  sp=0x000000001955f630,  free space=1021k
Native frames: (J=compiled Java code, j=interpreted, Vv=VM code, C=native code)
V  [jvm.dll+0x129575]
V  [jvm.dll+0x34c40d]
C  [jdwp.dll+0x21a15]
C  [jdwp.dll+0x53b3]
C  [jdwp.dll+0x5571]
C  [jdwp.dll+0xf0a8]
C  [jdwp.dll+0x1f2d5]
C  [jdwp.dll+0x1f4aa]
V  [jvm.dll+0x1bc3e8]
V  [jvm.dll+0x244314]
V  [jvm.dll+0x29b34a]
C  [msvcr100.dll+0x21d9f]
C  [msvcr100.dll+0x21e3b]
C  [KERNEL32.DLL+0x17bd4]
C  [ntdll.dll+0x6ce51]


---------------  P R O C E S S  ---------------

Java Threads: ( => current thread )
  0x000000001dff1000 JavaThread "http-nio-8080-Acceptor-0" daemon [_thread_in_native, id=21600, stack(0x0000000025330000,0x0000000025430000)]
  0x000000001dff8000 JavaThread "http-nio-8080-ClientPoller-1" daemon [_thread_in_native, id=22684, stack(0x0000000025230000,0x0000000025330000)]
  0x000000001dff0800 JavaThread "http-nio-8080-ClientPoller-0" daemon [_thread_in_native, id=1724, stack(0x0000000025130000,0x0000000025230000)]
  0x000000001dff7000 JavaThread "http-nio-8080-exec-10" daemon [_thread_blocked, id=17220, stack(0x0000000025030000,0x0000000025130000)]
  0x000000001dfef800 JavaThread "http-nio-8080-exec-9" daemon [_thread_blocked, id=8860, stack(0x0000000024e30000,0x0000000024f30000)]
  0x000000001dff2000 JavaThread "http-nio-8080-exec-8" daemon [_thread_blocked, id=4604, stack(0x0000000024d30000,0x0000000024e30000)]
  0x000000001dff6800 JavaThread "http-nio-8080-exec-7" daemon [_thread_blocked, id=22540, stack(0x0000000024930000,0x0000000024a30000)]
  0x000000001dff4000 JavaThread "http-nio-8080-exec-6" daemon [_thread_blocked, id=22200, stack(0x0000000024830000,0x0000000024930000)]
  0x000000001dff5800 JavaThread "http-nio-8080-exec-5" daemon [_thread_blocked, id=11376, stack(0x0000000024730000,0x0000000024830000)]
  0x000000001dff2800 JavaThread "http-nio-8080-exec-4" daemon [_thread_blocked, id=22708, stack(0x0000000024630000,0x0000000024730000)]
  0x00000000214bf000 JavaThread "http-nio-8080-exec-3" daemon [_thread_blocked, id=17036, stack(0x0000000024530000,0x0000000024630000)]
  0x00000000214be800 JavaThread "http-nio-8080-exec-2" daemon [_thread_blocked, id=17492, stack(0x0000000024430000,0x0000000024530000)]
  0x00000000214bd800 JavaThread "http-nio-8080-exec-1" daemon [_thread_blocked, id=12260, stack(0x0000000024330000,0x0000000024430000)]
  0x00000000214b6000 JavaThread "NioBlockingSelector.BlockPoller-46" daemon [_thread_in_native, id=24052, stack(0x0000000024230000,0x0000000024330000)]
  0x00000000214bd000 JavaThread "File Watcher" daemon [_thread_blocked, id=18268, stack(0x0000000024130000,0x0000000024230000)]
  0x00000000214b4000 JavaThread "HikariPool-46 housekeeper" daemon [_thread_blocked, id=10992, stack(0x0000000022f30000,0x0000000023030000)]
  0x00000000214b5800 JavaThread "container-0" [_thread_blocked, id=20600, stack(0x0000000022e30000,0x0000000022f30000)]
  0x00000000214ba800 JavaThread "Catalina-utility-2" [_thread_blocked, id=22936, stack(0x0000000022d30000,0x0000000022e30000)]
  0x00000000214ba000 JavaThread "Catalina-utility-1" [_thread_blocked, id=4456, stack(0x0000000022630000,0x0000000022730000)]
  0x00000000214b1800 JavaThread "CleanCursors-46-thread-1" daemon [_thread_blocked, id=12864, stack(0x0000000020a60000,0x0000000020b60000)]
  0x00000000214b4800 JavaThread "cluster-ClusterId{value='5edda0382e6d775254e5474a', description='null'}-cluster0-shard-00-02-cavc6.mongodb.net:27017" daemon [_thread_blocked, id=3396, stack(0x000000001fb60000,0x000000001fc60000)]
  0x00000000214b3000 JavaThread "cluster-ClusterId{value='5edda0382e6d775254e5474a', description='null'}-cluster0-shard-00-01-cavc6.mongodb.net:27017" daemon [_thread_blocked, id=6492, stack(0x000000001f660000,0x000000001f760000)]
  0x00000000214b2800 JavaThread "cluster-ClusterId{value='5edda0382e6d775254e5474a', description='null'}-cluster0-shard-00-00-cavc6.mongodb.net:27017" daemon [_thread_blocked, id=11340, stack(0x000000001f160000,0x000000001f260000)]
  0x000000001dff9800 JavaThread "RMI TCP Connection(idle)" daemon [_thread_blocked, id=16656, stack(0x0000000024b30000,0x0000000024c30000)]
  0x000000001dffb000 JavaThread "DestroyJavaVM" [_thread_blocked, id=7956, stack(0x0000000002da0000,0x0000000002ea0000)]
  0x000000001dff5000 JavaThread "Live Reload Server" daemon [_thread_in_native, id=18528, stack(0x0000000020b60000,0x0000000020c60000)]
  0x000000001bd97800 JavaThread "Thread-6" daemon [_thread_in_native, id=19812, stack(0x000000001c490000,0x000000001c590000)]
  0x000000001a4b2000 JavaThread "JMX server connection timeout 20" daemon [_thread_blocked, id=1000, stack(0x000000001b1c0000,0x000000001b2c0000)]
  0x000000001a49c800 JavaThread "RMI Scheduler(0)" daemon [_thread_blocked, id=10724, stack(0x000000001afc0000,0x000000001b0c0000)]
  0x000000001a29d800 JavaThread "RMI TCP Accept-0" daemon [_thread_in_native, id=7340, stack(0x000000001a960000,0x000000001aa60000)]
  0x000000001a239800 JavaThread "RMI TCP Accept-64016" daemon [_thread_in_native, id=3216, stack(0x000000001a860000,0x000000001a960000)]
  0x000000001a197800 JavaThread "RMI TCP Accept-0" daemon [_thread_in_native, id=8988, stack(0x000000001a760000,0x000000001a860000)]
  0x0000000019ab3000 JavaThread "Service Thread" daemon [_thread_blocked, id=22188, stack(0x0000000019e60000,0x0000000019f60000)]
  0x0000000017af3000 JavaThread "C1 CompilerThread2" daemon [_thread_blocked, id=10464, stack(0x0000000019960000,0x0000000019a60000)]
  0x0000000017af1000 JavaThread "C2 CompilerThread1" daemon [_thread_blocked, id=16196, stack(0x0000000019860000,0x0000000019960000)]
  0x0000000017aee000 JavaThread "C2 CompilerThread0" daemon [_thread_blocked, id=11976, stack(0x0000000019760000,0x0000000019860000)]
  0x0000000017ae8800 JavaThread "JDWP Command Reader" daemon [_thread_in_native, id=17592, stack(0x0000000019660000,0x0000000019760000)]
  0x0000000017adb800 JavaThread "JDWP Event Helper Thread" daemon [_thread_blocked, id=19328, stack(0x0000000019560000,0x0000000019660000)]
=>0x0000000017ace800 JavaThread "JDWP Transport Listener: dt_socket" daemon [_thread_in_vm, id=1312, stack(0x0000000019460000,0x0000000019560000)]
  0x0000000017ac5000 JavaThread "Attach Listener" daemon [_thread_blocked, id=23708, stack(0x0000000019020000,0x0000000019120000)]
  0x0000000017ac4000 JavaThread "Signal Dispatcher" daemon [_thread_blocked, id=14236, stack(0x0000000018f20000,0x0000000019020000)]
  0x0000000017ab0000 JavaThread "Finalizer" daemon [_thread_blocked, id=23796, stack(0x0000000018d10000,0x0000000018e10000)]
  0x0000000002f97800 JavaThread "Reference Handler" daemon [_thread_blocked, id=7952, stack(0x0000000018c10000,0x0000000018d10000)]

Other Threads:
  0x0000000017a87800 VMThread [stack: 0x0000000018b10000,0x0000000018c10000] [id=11872]
  0x000000001a29e800 WatcherThread [stack: 0x000000001aa60000,0x000000001ab60000] [id=16964]

VM state:not at safepoint (normal execution)

VM Mutex/Monitor currently owned by a thread: None

Heap:
 PSYoungGen      total 491520K, used 67561K [0x00000000d5f80000, 0x00000000f5680000, 0x0000000100000000)
  eden space 476160K, 10% used [0x00000000d5f80000,0x00000000d927d348,0x00000000f3080000)
  from space 15360K, 99% used [0x00000000f3080000,0x00000000f3f7d0f8,0x00000000f3f80000)
  to   space 16896K, 0% used [0x00000000f4600000,0x00000000f4600000,0x00000000f5680000)
 ParOldGen       total 310272K, used 282278K [0x0000000081e00000, 0x0000000094d00000, 0x00000000d5f80000)
  object space 310272K, 90% used [0x0000000081e00000,0x00000000931a9a00,0x0000000094d00000)
 Metaspace       used 98398K, capacity 109749K, committed 110040K, reserved 1142784K
  class space    used 13209K, capacity 15737K, committed 15832K, reserved 1048576K

Card table byte_map: [0x0000000012360000,0x0000000012760000] byte_map_base: 0x0000000011f51000

Marking Bits: (ParMarkBitMap*) 0x000000006b7b64f0
 Begin Bits: [0x0000000012e10000, 0x0000000014d98000)
 End Bits:   [0x0000000014d98000, 0x0000000016d20000)

Polling page: 0x00000000015a0000

CodeCache: size=245760Kb used=33035Kb max_used=33035Kb free=212724Kb
 bounds [0x0000000002fa0000, 0x0000000004ff0000, 0x0000000011fa0000]
 total_blobs=17880 nmethods=17261 adapters=537
 compilation: enabled

Compilation events (10 events):
Event: 13949.219 Thread 0x0000000017af3000 17496       1       javax.servlet.http.HttpServletRequestWrapper::getSession (11 bytes)
Event: 13949.219 Thread 0x0000000017af3000 nmethod 17496 0x0000000004fe6410 code [0x0000000004fe6580, 0x0000000004fe6728]
Event: 13949.219 Thread 0x0000000017af3000 17497       1       javax.servlet.ServletRequestWrapper::getContentType (10 bytes)
Event: 13949.220 Thread 0x0000000017af3000 nmethod 17497 0x0000000004fe67d0 code [0x0000000004fe6920, 0x0000000004fe6a68]
Event: 13949.221 Thread 0x0000000017af3000 17498  s    1       org.apache.tomcat.util.collections.SynchronizedStack::push (71 bytes)
Event: 13949.222 Thread 0x0000000017af3000 nmethod 17498 0x0000000004fe6ad0 code [0x0000000004fe6c40, 0x0000000004fe7008]
Event: 13949.222 Thread 0x0000000017af3000 17499       1       org.hibernate.internal.SessionImpl::checkSessionFactoryOpen (27 bytes)
Event: 13949.223 Thread 0x0000000017af3000 nmethod 17499 0x0000000004fe7190 code [0x0000000004fe7300, 0x0000000004fe74f8]
Event: 13949.223 Thread 0x0000000017af3000 17500       1       org.hibernate.internal.SessionFactoryImpl::isOpen (13 bytes)
Event: 13949.223 Thread 0x0000000017af3000 nmethod 17500 0x0000000004fe76d0 code [0x0000000004fe7820, 0x0000000004fe7950]

GC Heap History (10 events):
Event: 13102.487 GC heap before
{Heap before GC invocations=114 (full 47):
 PSYoungGen      total 492032K, used 390005K [0x00000000d5f80000, 0x00000000f4f80000, 0x0000000100000000)
  eden space 476160K, 81% used [0x00000000d5f80000,0x00000000edc5d528,0x00000000f3080000)
  from space 15872K, 0% used [0x00000000f4000000,0x00000000f4000000,0x00000000f4f80000)
  to   space 15872K, 0% used [0x00000000f3080000,0x00000000f3080000,0x00000000f4000000)
 ParOldGen       total 310272K, used 269784K [0x0000000081e00000, 0x0000000094d00000, 0x00000000d5f80000)
  object space 310272K, 86% used [0x0000000081e00000,0x0000000092576380,0x0000000094d00000)
 Metaspace       used 97509K, capacity 108763K, committed 109144K, reserved 1142784K
  class space    used 13115K, capacity 15581K, committed 15704K, reserved 1048576K
Event: 13102.499 GC heap after
Heap after GC invocations=114 (full 47):
 PSYoungGen      total 488960K, used 12525K [0x00000000d5f80000, 0x00000000f4e80000, 0x0000000100000000)
  eden space 476160K, 0% used [0x00000000d5f80000,0x00000000d5f80000,0x00000000f3080000)
  from space 12800K, 97% used [0x00000000f3080000,0x00000000f3cbb560,0x00000000f3d00000)
  to   space 15360K, 0% used [0x00000000f3f80000,0x00000000f3f80000,0x00000000f4e80000)
 ParOldGen       total 310272K, used 269784K [0x0000000081e00000, 0x0000000094d00000, 0x00000000d5f80000)
  object space 310272K, 86% used [0x0000000081e00000,0x0000000092576380,0x0000000094d00000)
 Metaspace       used 97509K, capacity 108763K, committed 109144K, reserved 1142784K
  class space    used 13115K, capacity 15581K, committed 15704K, reserved 1048576K
}
Event: 13102.499 GC heap before
{Heap before GC invocations=115 (full 48):
 PSYoungGen      total 488960K, used 12525K [0x00000000d5f80000, 0x00000000f4e80000, 0x0000000100000000)
  eden space 476160K, 0% used [0x00000000d5f80000,0x00000000d5f80000,0x00000000f3080000)
  from space 12800K, 97% used [0x00000000f3080000,0x00000000f3cbb560,0x00000000f3d00000)
  to   space 15360K, 0% used [0x00000000f3f80000,0x00000000f3f80000,0x00000000f4e80000)
 ParOldGen       total 310272K, used 269784K [0x0000000081e00000, 0x0000000094d00000, 0x00000000d5f80000)
  object space 310272K, 86% used [0x0000000081e00000,0x0000000092576380,0x0000000094d00000)
 Metaspace       used 97509K, capacity 108763K, committed 109144K, reserved 1142784K
  class space    used 13115K, capacity 15581K, committed 15704K, reserved 1048576K
Event: 13103.640 GC heap after
Heap after GC invocations=115 (full 48):
 PSYoungGen      total 488960K, used 0K [0x00000000d5f80000, 0x00000000f4e80000, 0x0000000100000000)
  eden space 476160K, 0% used [0x00000000d5f80000,0x00000000d5f80000,0x00000000f3080000)
  from space 12800K, 0% used [0x00000000f3080000,0x00000000f3080000,0x00000000f3d00000)
  to   space 15360K, 0% used [0x00000000f3f80000,0x00000000f3f80000,0x00000000f4e80000)
 ParOldGen       total 310272K, used 274962K [0x0000000081e00000, 0x0000000094d00000, 0x00000000d5f80000)
  object space 310272K, 88% used [0x0000000081e00000,0x0000000092a848e8,0x0000000094d00000)
 Metaspace       used 97502K, capacity 108751K, committed 109144K, reserved 1142784K
  class space    used 13114K, capacity 15579K, committed 15704K, reserved 1048576K
}
Event: 13108.574 GC heap before
{Heap before GC invocations=116 (full 48):
 PSYoungGen      total 488960K, used 383147K [0x00000000d5f80000, 0x00000000f4e80000, 0x0000000100000000)
  eden space 476160K, 80% used [0x00000000d5f80000,0x00000000ed5aadb8,0x00000000f3080000)
  from space 12800K, 0% used [0x00000000f3080000,0x00000000f3080000,0x00000000f3d00000)
  to   space 15360K, 0% used [0x00000000f3f80000,0x00000000f3f80000,0x00000000f4e80000)
 ParOldGen       total 310272K, used 274962K [0x0000000081e00000, 0x0000000094d00000, 0x00000000d5f80000)
  object space 310272K, 88% used [0x0000000081e00000,0x0000000092a848e8,0x0000000094d00000)
 Metaspace       used 97911K, capacity 109247K, committed 109400K, reserved 1142784K
  class space    used 13157K, capacity 15656K, committed 15704K, reserved 1048576K
Event: 13108.586 GC heap after
Heap after GC invocations=116 (full 48):
 PSYoungGen      total 491520K, used 12571K [0x00000000d5f80000, 0x00000000f4e80000, 0x0000000100000000)
  eden space 476160K, 0% used [0x00000000d5f80000,0x00000000d5f80000,0x00000000f3080000)
  from space 15360K, 81% used [0x00000000f3f80000,0x00000000f4bc6fb0,0x00000000f4e80000)
  to   space 15360K, 0% used [0x00000000f3080000,0x00000000f3080000,0x00000000f3f80000)
 ParOldGen       total 310272K, used 274962K [0x0000000081e00000, 0x0000000094d00000, 0x00000000d5f80000)
  object space 310272K, 88% used [0x0000000081e00000,0x0000000092a848e8,0x0000000094d00000)
 Metaspace       used 97911K, capacity 109247K, committed 109400K, reserved 1142784K
  class space    used 13157K, capacity 15656K, committed 15704K, reserved 1048576K
}
Event: 13108.586 GC heap before
{Heap before GC invocations=117 (full 49):
 PSYoungGen      total 491520K, used 12571K [0x00000000d5f80000, 0x00000000f4e80000, 0x0000000100000000)
  eden space 476160K, 0% used [0x00000000d5f80000,0x00000000d5f80000,0x00000000f3080000)
  from space 15360K, 81% used [0x00000000f3f80000,0x00000000f4bc6fb0,0x00000000f4e80000)
  to   space 15360K, 0% used [0x00000000f3080000,0x00000000f3080000,0x00000000f3f80000)
 ParOldGen       total 310272K, used 274962K [0x0000000081e00000, 0x0000000094d00000, 0x00000000d5f80000)
  object space 310272K, 88% used [0x0000000081e00000,0x0000000092a848e8,0x0000000094d00000)
 Metaspace       used 97911K, capacity 109247K, committed 109400K, reserved 1142784K
  class space    used 13157K, capacity 15656K, committed 15704K, reserved 1048576K
Event: 13109.748 GC heap after
Heap after GC invocations=117 (full 49):
 PSYoungGen      total 491520K, used 0K [0x00000000d5f80000, 0x00000000f4e80000, 0x0000000100000000)
  eden space 476160K, 0% used [0x00000000d5f80000,0x00000000d5f80000,0x00000000f3080000)
  from space 15360K, 0% used [0x00000000f3f80000,0x00000000f3f80000,0x00000000f4e80000)
  to   space 15360K, 0% used [0x00000000f3080000,0x00000000f3080000,0x00000000f3f80000)
 ParOldGen       total 310272K, used 280188K [0x0000000081e00000, 0x0000000094d00000, 0x00000000d5f80000)
  object space 310272K, 90% used [0x0000000081e00000,0x0000000092f9f1c8,0x0000000094d00000)
 Metaspace       used 97903K, capacity 109235K, committed 109400K, reserved 1142784K
  class space    used 13156K, capacity 15654K, committed 15704K, reserved 1048576K
}
Event: 13687.891 GC heap before
{Heap before GC invocations=118 (full 49):
 PSYoungGen      total 491520K, used 476160K [0x00000000d5f80000, 0x00000000f4e80000, 0x0000000100000000)
  eden space 476160K, 100% used [0x00000000d5f80000,0x00000000f3080000,0x00000000f3080000)
  from space 15360K, 0% used [0x00000000f3f80000,0x00000000f3f80000,0x00000000f4e80000)
  to   space 15360K, 0% used [0x00000000f3080000,0x00000000f3080000,0x00000000f3f80000)
 ParOldGen       total 310272K, used 280188K [0x0000000081e00000, 0x0000000094d00000, 0x00000000d5f80000)
  object space 310272K, 90% used [0x0000000081e00000,0x0000000092f9f1c8,0x0000000094d00000)
 Metaspace       used 98376K, capacity 109743K, committed 110040K, reserved 1142784K
  class space    used 13209K, capacity 15736K, committed 15832K, reserved 1048576K
Event: 13687.912 GC heap after
Heap after GC invocations=118 (full 49):
 PSYoungGen      total 491520K, used 15348K [0x00000000d5f80000, 0x00000000f5680000, 0x0000000100000000)
  eden space 476160K, 0% used [0x00000000d5f80000,0x00000000d5f80000,0x00000000f3080000)
  from space 15360K, 99% used [0x00000000f3080000,0x00000000f3f7d0f8,0x00000000f3f80000)
  to   space 16896K, 0% used [0x00000000f4600000,0x00000000f4600000,0x00000000f5680000)
 ParOldGen       total 310272K, used 282278K [0x0000000081e00000, 0x0000000094d00000, 0x00000000d5f80000)
  object space 310272K, 90% used [0x0000000081e00000,0x00000000931a9a00,0x0000000094d00000)
 Metaspace       used 98376K, capacity 109743K, committed 110040K, reserved 1142784K
  class space    used 13209K, capacity 15736K, committed 15832K, reserved 1048576K
}

Deoptimization events (0 events):
No events

Internal exceptions (10 events):
Event: 13931.175 Thread 0x000000001dff2000 Exception <a 'java/lang/ArrayIndexOutOfBoundsException'> (0x00000000d8b64ff0) thrown at [D:\re\workspace\8-2-build-windows-amd64-cygwin\jdk8u92\6642\hotspot\src\share\vm\runtime\sharedRuntime.cpp, line 605]
Event: 13931.175 Thread 0x000000001dff2000 Exception <a 'java/lang/ArrayIndexOutOfBoundsException'> (0x00000000d8b67db0) thrown at [D:\re\workspace\8-2-build-windows-amd64-cygwin\jdk8u92\6642\hotspot\src\share\vm\runtime\sharedRuntime.cpp, line 605]
Event: 13949.016 Thread 0x000000001dfef800 Exception <a 'java/lang/ArrayIndexOutOfBoundsException'> (0x00000000d8e7bf80) thrown at [D:\re\workspace\8-2-build-windows-amd64-cygwin\jdk8u92\6642\hotspot\src\share\vm\runtime\sharedRuntime.cpp, line 605]
Event: 13949.017 Thread 0x000000001dfef800 Exception <a 'java/lang/ArrayIndexOutOfBoundsException'> (0x00000000d8e7fca8) thrown at [D:\re\workspace\8-2-build-windows-amd64-cygwin\jdk8u92\6642\hotspot\src\share\vm\runtime\sharedRuntime.cpp, line 605]
Event: 13949.017 Thread 0x000000001dfef800 Exception <a 'java/lang/ArrayIndexOutOfBoundsException'> (0x00000000d8e82a68) thrown at [D:\re\workspace\8-2-build-windows-amd64-cygwin\jdk8u92\6642\hotspot\src\share\vm\runtime\sharedRuntime.cpp, line 605]
Event: 13949.019 Thread 0x000000001dfef800 Exception <a 'java/lang/ArrayIndexOutOfBoundsException'> (0x00000000d8e8a750) thrown at [D:\re\workspace\8-2-build-windows-amd64-cygwin\jdk8u92\6642\hotspot\src\share\vm\runtime\sharedRuntime.cpp, line 605]
Event: 13949.020 Thread 0x000000001dfef800 Exception <a 'java/lang/ArrayIndexOutOfBoundsException'> (0x00000000d8e8e478) thrown at [D:\re\workspace\8-2-build-windows-amd64-cygwin\jdk8u92\6642\hotspot\src\share\vm\runtime\sharedRuntime.cpp, line 605]
Event: 13949.020 Thread 0x000000001dfef800 Exception <a 'java/lang/ArrayIndexOutOfBoundsException'> (0x00000000d8e91238) thrown at [D:\re\workspace\8-2-build-windows-amd64-cygwin\jdk8u92\6642\hotspot\src\share\vm\runtime\sharedRuntime.cpp, line 605]
Event: 13949.213 Thread 0x000000001dfef800 Exception <a 'java/lang/NullPointerException'> (0x00000000d8ebc588) thrown at [D:\re\workspace\8-2-build-windows-amd64-cygwin\jdk8u92\6642\hotspot\src\share\vm\interpreter\linkResolver.cpp, line 1280]
Event: 13949.213 Thread 0x000000001dfef800 Exception <a 'java/lang/reflect/InvocationTargetException'> (0x00000000d8ebe388) thrown at [D:\re\workspace\8-2-build-windows-amd64-cygwin\jdk8u92\6642\hotspot\src\share\vm\runtime\reflection.cpp, line 1092]

Events (10 events):
Event: 13963.887 Executing VM operation: ChangeBreakpoints
Event: 13963.891 Executing VM operation: ChangeBreakpoints done
Event: 13963.891 Executing VM operation: ChangeBreakpoints
Event: 13963.895 Executing VM operation: ChangeBreakpoints done
Event: 13963.898 Executing VM operation: ChangeBreakpoints
Event: 13963.901 Executing VM operation: ChangeBreakpoints done
Event: 13963.903 Executing VM operation: ChangeBreakpoints
Event: 13963.907 Executing VM operation: ChangeBreakpoints done
Event: 13963.908 Executing VM operation: ChangeBreakpoints
Event: 13963.912 Executing VM operation: ChangeBreakpoints done


Dynamic libraries:
0x00007ff6d7790000 - 0x00007ff6d77c7000 	C:\DEV\jdk1.8.0_92\bin\javaw.exe
0x00007ffe1e7c0000 - 0x00007ffe1e9b0000 	C:\WINDOWS\SYSTEM32\ntdll.dll
0x00007ffe1e140000 - 0x00007ffe1e1f2000 	C:\WINDOWS\System32\KERNEL32.DLL
0x00007ffe1b780000 - 0x00007ffe1ba24000 	C:\WINDOWS\System32\KERNELBASE.dll
0x00007ffe1dae0000 - 0x00007ffe1db83000 	C:\WINDOWS\System32\ADVAPI32.dll
0x00007ffe1e470000 - 0x00007ffe1e50e000 	C:\WINDOWS\System32\msvcrt.dll
0x00007ffe1e5c0000 - 0x00007ffe1e657000 	C:\WINDOWS\System32\sechost.dll
0x00007ffe1e660000 - 0x00007ffe1e780000 	C:\WINDOWS\System32\RPCRT4.dll
0x00007ffe1e270000 - 0x00007ffe1e404000 	C:\WINDOWS\System32\USER32.dll
0x00007ffe1c840000 - 0x00007ffe1c861000 	C:\WINDOWS\System32\win32u.dll
0x00007ffe1c9e0000 - 0x00007ffe1ca06000 	C:\WINDOWS\System32\GDI32.dll
0x00007ffe1c6a0000 - 0x00007ffe1c834000 	C:\WINDOWS\System32\gdi32full.dll
0x00007ffe1c5a0000 - 0x00007ffe1c63e000 	C:\WINDOWS\System32\msvcp_win.dll
0x00007ffe1c4a0000 - 0x00007ffe1c59a000 	C:\WINDOWS\System32\ucrtbase.dll
0x00007ffe0d460000 - 0x00007ffe0d6e4000 	C:\WINDOWS\WinSxS\amd64_microsoft.windows.common-controls_6595b64144ccf1df_6.0.18362.836_none_e6c4b943130f18ed\COMCTL32.dll
0x00007ffe1d180000 - 0x00007ffe1d4b6000 	C:\WINDOWS\System32\combase.dll
0x00007ffe1c1b0000 - 0x00007ffe1c230000 	C:\WINDOWS\System32\bcryptPrimitives.dll
0x00007ffe1c870000 - 0x00007ffe1c89e000 	C:\WINDOWS\System32\IMM32.DLL
0x000000006b840000 - 0x000000006b912000 	C:\DEV\jdk1.8.0_92\jre\bin\msvcr100.dll
0x000000006afa0000 - 0x000000006b836000 	C:\DEV\jdk1.8.0_92\jre\bin\server\jvm.dll
0x00007ffe1dd30000 - 0x00007ffe1dd38000 	C:\WINDOWS\System32\PSAPI.DLL
0x00007ffe113a0000 - 0x00007ffe113c4000 	C:\WINDOWS\SYSTEM32\WINMM.dll
0x00007ffe16e70000 - 0x00007ffe16e7a000 	C:\WINDOWS\SYSTEM32\VERSION.dll
0x00007ffe0a8f0000 - 0x00007ffe0a8f9000 	C:\WINDOWS\SYSTEM32\WSOCK32.dll
0x00007ffe1de40000 - 0x00007ffe1deaf000 	C:\WINDOWS\System32\WS2_32.dll
0x00007ffe11370000 - 0x00007ffe1139d000 	C:\WINDOWS\SYSTEM32\winmmbase.dll
0x00007ffe1c450000 - 0x00007ffe1c49a000 	C:\WINDOWS\System32\cfgmgr32.dll
0x000000006af90000 - 0x000000006af9f000 	C:\DEV\jdk1.8.0_92\jre\bin\verify.dll
0x000000006af60000 - 0x000000006af89000 	C:\DEV\jdk1.8.0_92\jre\bin\java.dll
0x000000006ce40000 - 0x000000006ce75000 	C:\DEV\jdk1.8.0_92\jre\bin\jdwp.dll
0x000000006ce30000 - 0x000000006ce38000 	C:\DEV\jdk1.8.0_92\jre\bin\npt.dll
0x000000006af40000 - 0x000000006af56000 	C:\DEV\jdk1.8.0_92\jre\bin\zip.dll
0x00007ffe1ca30000 - 0x00007ffe1d114000 	C:\WINDOWS\System32\SHELL32.dll
0x00007ffe1e090000 - 0x00007ffe1e139000 	C:\WINDOWS\System32\shcore.dll
0x00007ffe1ba30000 - 0x00007ffe1c1ae000 	C:\WINDOWS\System32\windows.storage.dll
0x00007ffe1b720000 - 0x00007ffe1b743000 	C:\WINDOWS\System32\profapi.dll
0x00007ffe1b6b0000 - 0x00007ffe1b6fa000 	C:\WINDOWS\System32\powrprof.dll
0x00007ffe1b680000 - 0x00007ffe1b690000 	C:\WINDOWS\System32\UMPDC.dll
0x00007ffe1d120000 - 0x00007ffe1d172000 	C:\WINDOWS\System32\shlwapi.dll
0x00007ffe1b700000 - 0x00007ffe1b711000 	C:\WINDOWS\System32\kernel.appcore.dll
0x00007ffe1c230000 - 0x00007ffe1c247000 	C:\WINDOWS\System32\cryptsp.dll
0x000000006ce20000 - 0x000000006ce29000 	C:\DEV\jdk1.8.0_92\jre\bin\dt_socket.dll
0x00007ffe16770000 - 0x00007ffe16786000 	C:\WINDOWS\system32\napinsp.dll
0x00007ffe16750000 - 0x00007ffe1676a000 	C:\WINDOWS\system32\pnrpnsp.dll
0x00007ffe1ae90000 - 0x00007ffe1aef7000 	C:\WINDOWS\System32\mswsock.dll
0x00007ffe1abe0000 - 0x00007ffe1acab000 	C:\WINDOWS\SYSTEM32\DNSAPI.dll
0x00007ffe1e260000 - 0x00007ffe1e268000 	C:\WINDOWS\System32\NSI.dll
0x00007ffe1aba0000 - 0x00007ffe1abda000 	C:\WINDOWS\SYSTEM32\IPHLPAPI.DLL
0x00007ffe170a0000 - 0x00007ffe170ae000 	C:\WINDOWS\System32\winrnr.dll
0x00007ffe161a0000 - 0x00007ffe161bc000 	C:\WINDOWS\system32\NLAapi.dll
0x00007ffe174e0000 - 0x00007ffe174f5000 	C:\WINDOWS\system32\wshbth.dll
0x00007ffe134b0000 - 0x00007ffe13527000 	C:\WINDOWS\System32\fwpuclnt.dll
0x00007ffe1b750000 - 0x00007ffe1b776000 	C:\WINDOWS\System32\bcrypt.dll
0x00007ffe12080000 - 0x00007ffe1208a000 	C:\Windows\System32\rasadhlp.dll
0x000000006aeb0000 - 0x000000006aebd000 	C:\DEV\jdk1.8.0_92\jre\bin\management.dll
0x000000006af20000 - 0x000000006af3a000 	C:\DEV\jdk1.8.0_92\jre\bin\net.dll
0x000000006af00000 - 0x000000006af11000 	C:\DEV\jdk1.8.0_92\jre\bin\nio.dll
0x00007ffe1aa00000 - 0x00007ffe1aa33000 	C:\WINDOWS\system32\rsaenh.dll
0x00007ffe1b5a0000 - 0x00007ffe1b5c5000 	C:\WINDOWS\SYSTEM32\USERENV.dll
0x00007ffe1b060000 - 0x00007ffe1b06c000 	C:\WINDOWS\SYSTEM32\CRYPTBASE.dll
0x00007ffe14fc0000 - 0x00007ffe14fd6000 	C:\WINDOWS\SYSTEM32\dhcpcsvc6.DLL
0x00007ffe154d0000 - 0x00007ffe154ec000 	C:\WINDOWS\SYSTEM32\dhcpcsvc.DLL
0x000000006aed0000 - 0x000000006aef4000 	C:\DEV\jdk1.8.0_92\jre\bin\sunec.dll
0x000000006aec0000 - 0x000000006aecb000 	C:\DEV\jdk1.8.0_92\jre\bin\sunmscapi.dll
0x00007ffe1c250000 - 0x00007ffe1c399000 	C:\WINDOWS\System32\CRYPT32.dll
0x00007ffe1b690000 - 0x00007ffe1b6a2000 	C:\WINDOWS\System32\MSASN1.dll
0x00007ffe15270000 - 0x00007ffe15464000 	C:\WINDOWS\SYSTEM32\dbghelp.dll

VM Arguments:
jvm_args: -agentlib:jdwp=transport=dt_socket,suspend=y,address=localhost:64017 -Dcom.sun.management.jmxremote -Dcom.sun.management.jmxremote.port=64016 -Dcom.sun.management.jmxremote.authenticate=false -Dcom.sun.management.jmxremote.ssl=false -Djava.rmi.server.hostname=localhost -Dspring.liveBeansView.mbeanDomain -Dspring.application.admin.enabled=true -Xverify:none -XX:TieredStopAtLevel=1 -Dfile.encoding=UTF-8 
java_command: com.app.reg.springbootregapp.SpringbootRegAppApplication --spring.output.ansi.enabled=always
java_class_path (initial): C:\DEV\projeto springboot-reg-app\springboot-reg-app\target\classes;C:\DEV\Springboot\sts-bundle2\sts-3.9.6.RELEASE\plugins\org.junit_4.12.0.v201504281640\junit.jar;C:\DEV\Springboot\sts-bundle2\sts-3.9.6.RELEASE\plugins\org.hamcrest.core_1.3.0.v20180420-1519.jar;C:\Users\danie\.m2\repository\com\fasterxml\jackson\core\jackson-databind\2.9.4\jackson-databind-2.9.4.jar;C:\Users\danie\.m2\repository\com\fasterxml\jackson\core\jackson-annotations\2.9.0\jackson-annotations-2.9.0.jar;C:\Users\danie\.m2\repository\com\fasterxml\jackson\core\jackson-core\2.9.8\jackson-core-2.9.8.jar;C:\Users\danie\.m2\repository\org\springframework\boot\spring-boot-starter-data-jpa\2.1.4.RELEASE\spring-boot-starter-data-jpa-2.1.4.RELEASE.jar;C:\Users\danie\.m2\repository\org\springframework\boot\spring-boot-starter-aop\2.1.4.RELEASE\spring-boot-starter-aop-2.1.4.RELEASE.jar;C:\Users\danie\.m2\repository\org\aspectj\aspectjweaver\1.9.2\aspectjweaver-1.9.2.jar;C:\Users\danie\.m2\repository\org\springframework\boot\spring-boot-starter-jdbc\2.1.4.RELEASE\spring-boot-starter-jdbc-2.1.4.RELEASE.jar;C:\Users\danie\.m2\repository\com\zaxxer\HikariCP\3.2.0\HikariCP-3.2.0.jar;C:\Users\danie\.m2\repository\org\springframework\spring-jdbc\5.1.6.RELEASE\spring-jdbc-5.1.6.RELEASE.jar;C:\Users\danie\.m2\repository\javax\transaction\javax.transaction-api\1.3\javax.transaction-api-1.3.jar;C:\Users\danie\.m2\repository\javax\xml\bind\jaxb-api\2.3.1\jaxb-api-2.3.1.jar;C:\Users\danie\.m2\repository\javax\activation\javax.activation-api\1.2.0\javax.activation-api-1.2.0.jar;C:\Users\danie\.m2\repository\org\hibernate\hibernate-core\5.3.9.Final\hibernate-core-5.3.9.Final.jar;C:\Users\danie\.m2\repository\org\jboss\logging\jboss-logging\3.3.2.Final\jboss-logging-3.3.2.Final.jar;C:\Users\danie\.m2\repository\javax\persistence\javax.persistence-api\2.2\javax.persistence-api-2.2.jar;C:\Users\danie\.m2\repository\org\javassist\javassist\3.23.1-GA\javassist-3.23.1-GA.jar;C:\Users\danie\.m2
Launcher Type: SUN_STANDARD

Environment Variables:
JAVA_HOME=C:\DEV\jdk1.8.0_92
PATH=C:\DEV\jdk1.8.0_92\jre\bin;C:\Program Files (x86)\Common Files\Oracle\Java\javapath;C:\Program Files (x86)\Intel\iCLS Client\;C:\Program Files\Intel\iCLS Client\;C:\Windows\system32;C:\Windows;C:\Windows\System32\Wbem;C:\Windows\System32\WindowsPowerShell\v1.0\;C:\Program Files (x86)\Intel\Intel(R) Management Engine Components\DAL;C:\Program Files\Intel\Intel(R) Management Engine Components\DAL;C:\Program Files (x86)\Intel\Intel(R) Management Engine Components\IPT;C:\Program Files\Intel\Intel(R) Management Engine Components\IPT;C:\Program Files (x86)\NVIDIA Corporation\PhysX\Common;C:\Program Files\NVIDIA Corporation\NVIDIA NvDLISR;C:\WINDOWS\system32;C:\WINDOWS;C:\WINDOWS\System32\Wbem;C:\WINDOWS\System32\WindowsPowerShell\v1.0\;C:\WINDOWS\System32\OpenSSH\;C:\ProgramData\chocolatey\bin;C:\Program Files (x86)\Yarn\bin\;C:\Program Files\nodejs\;C:\Program Files\Git\cmd;C:\Program Files\PuTTY\;C:\DEV\projeto react\jdk\platform-tools;C:\DEV\projeto react\jdk\tools;C:\DEV\jdk1.8.0_92\bin;C:\Program Files\MongoDB\Server\4.2\bin;C:\DEV\apache-maven-3.6.3\bin;C:\Users\danie\AppData\Local\Microsoft\WindowsApps;C:\Users\danie\AppData\Local\Yarn\bin;C:\Users\danie\AppData\Roaming\npm;C:\Users\danie\AppData\Local\Programs\Microsoft VS Code\bin;C:\DEV\jdk1.8.0_92\bin;C:\DEV\projeto react\jdk\tools;C:\DEV\projeto react\jdk\bin;
USERNAME=danie
OS=Windows_NT
PROCESSOR_IDENTIFIER=Intel64 Family 6 Model 142 Stepping 9, GenuineIntel



---------------  S Y S T E M  ---------------

OS: Windows 10.0 , 64 bit Build 18362 (10.0.18362.778)

CPU:total 4 (2 cores per cpu, 2 threads per core) family 6 model 142 stepping 9, cmov, cx8, fxsr, mmx, sse, sse2, sse3, ssse3, sse4.1, sse4.2, popcnt, avx, avx2, aes, clmul, erms, 3dnowpref, lzcnt, ht, tsc, tscinvbit, bmi1, bmi2, adx

Memory: 4k page, physical 8261220k(1565036k free), swap 16668160k(4698868k free)

vm_info: Java HotSpot(TM) 64-Bit Server VM (25.92-b14) for windows-amd64 JRE (1.8.0_92-b14), built on Mar 31 2016 21:03:04 by "java_re" with MS VC++ 10.0 (VS2010)

time: Sun Jun 07 23:33:48 2020
elapsed time: 13964 seconds (0d 3h 52m 44s)

