#
# A fatal error has been detected by the Java Runtime Environment:
#
#  EXCEPTION_ACCESS_VIOLATION (0xc0000005) at pc=0x000000006b0c9575, pid=11612, tid=0x0000000000005cdc
#
# JRE version: Java(TM) SE Runtime Environment (8.0_92-b14) (build 1.8.0_92-b14)
# Java VM: Java HotSpot(TM) 64-Bit Server VM (25.92-b14 mixed mode windows-amd64 compressed oops)
# Problematic frame:
# V  [jvm.dll+0x129575]
#
# Failed to write core dump. Minidumps are not enabled by default on client versions of Windows
#
# If you would like to submit a bug report, please visit:
#   http://bugreport.java.com/bugreport/crash.jsp
#

---------------  T H R E A D  ---------------

Current thread (0x0000000017a7e800):  JavaThread "JDWP Transport Listener: dt_socket" daemon [_thread_in_vm, id=23772, stack(0x0000000019410000,0x0000000019510000)]

siginfo: ExceptionCode=0xc0000005, reading address 0xffffffffffffffff

Registers:
RAX=0x000000001950f601, RBX=0x0000000017a7e800, RCX=0x746e656d6e6f7269, RDX=0x0000000000000000
RSP=0x000000001950f640, RBP=0x746e656d6e6f7269, RSI=0x000000001950f758, RDI=0x0000000002e533f0
R8 =0x0000000017a7e800, R9 =0x0000000000000001, R10=0x0000000000008000, R11=0x000000001950f590
R12=0x0000000000000000, R13=0x0000000017a891b8, R14=0x0000000000000000, R15=0x0000000000000000
RIP=0x000000006b0c9575, EFLAGS=0x0000000000010206

Top of Stack: (sp=0x000000001950f640)
0x000000001950f640:   0000000017a7e800 000000002179d490
0x000000001950f650:   000000001950f708 000000006b2cfbab
0x000000001950f660:   0000000017a7e800 000000006b2ec40d
0x000000001950f670:   0000000000000043 000000006ce59155
0x000000001950f680:   000000002189b3a0 000000006ce6291e
0x000000001950f690:   0000000017a7e800 0000000000000000
0x000000001950f6a0:   0000000000000000 0000000000000000
0x000000001950f6b0:   746e656d6e6f7269 000000006ce61a15
0x000000001950f6c0:   000000001950f758 000000001950f730
0x000000001950f6d0:   0000000000000001 000000002189b3a0
0x000000001950f6e0:   746e656d6e6f7269 000000006ce453b3
0x000000001950f6f0:   000000001950f820 0000000000000001
0x000000001950f700:   0000000000000001 000000002189b3a0
0x000000001950f710:   0000000000000001 0000000000000000
0x000000001950f720:   0000000000000000 0000000000000000
0x000000001950f730:   0000000000000001 000000006ce45571 

Instructions: (pc=0x000000006b0c9575)
0x000000006b0c9555:   cc cc cc cc cc cc cc cc cc cc cc 48 83 ec 28 48
0x000000006b0c9565:   85 c9 75 07 33 c0 48 83 c4 28 c3 48 89 5c 24 20
0x000000006b0c9575:   48 8b 19 48 85 db 74 20 48 83 fb 37 74 1a 48 8b
0x000000006b0c9585:   13 48 8b cb ff 52 10 84 c0 74 0d 48 8b c3 48 8b 


Register to memory mapping:

RAX=0x000000001950f601 is pointing into the stack for thread: 0x0000000017a7e800
RBX=0x0000000017a7e800 is a thread
RCX=0x746e656d6e6f7269 is an unknown value
RDX=0x0000000000000000 is an unknown value
RSP=0x000000001950f640 is pointing into the stack for thread: 0x0000000017a7e800
RBP=0x746e656d6e6f7269 is an unknown value
RSI=0x000000001950f758 is pointing into the stack for thread: 0x0000000017a7e800
RDI=0x0000000002e533f0 is an unknown value
R8 =0x0000000017a7e800 is a thread
R9 =0x0000000000000001 is an unknown value
R10=0x0000000000008000 is an unknown value
R11=0x000000001950f590 is pointing into the stack for thread: 0x0000000017a7e800
R12=0x0000000000000000 is an unknown value
R13=0x0000000017a891b8 is an unknown value
R14=0x0000000000000000 is an unknown value
R15=0x0000000000000000 is an unknown value


Stack: [0x0000000019410000,0x0000000019510000],  sp=0x000000001950f640,  free space=1021k
Native frames: (J=compiled Java code, j=interpreted, Vv=VM code, C=native code)
V  [jvm.dll+0x129575]
V  [jvm.dll+0x34c40d]
C  [jdwp.dll+0x21a15]
C  [jdwp.dll+0x53b3]
C  [jdwp.dll+0x5571]
C  [jdwp.dll+0xf0a8]
C  [jdwp.dll+0x1f2d5]
C  [jdwp.dll+0x1f4aa]
V  [jvm.dll+0x1bc3e8]
V  [jvm.dll+0x244314]
V  [jvm.dll+0x29b34a]
C  [msvcr100.dll+0x21d9f]
C  [msvcr100.dll+0x21e3b]
C  [KERNEL32.DLL+0x17bd4]
C  [ntdll.dll+0x6ce51]


---------------  P R O C E S S  ---------------

Java Threads: ( => current thread )
  0x0000000021df2000 JavaThread "File Watcher" daemon [_thread_blocked, id=9364, stack(0x0000000020810000,0x0000000020910000)]
  0x0000000021df5000 JavaThread "File Watcher" daemon [_thread_blocked, id=8912, stack(0x000000001fc10000,0x000000001fd10000)]
  0x0000000021dee000 JavaThread "File Watcher" daemon [_thread_blocked, id=4716, stack(0x000000001f910000,0x000000001fa10000)]
  0x0000000021def000 JavaThread "File Watcher" daemon [_thread_blocked, id=19136, stack(0x000000001f810000,0x000000001f910000)]
  0x000000001dfe6800 JavaThread "File Watcher" daemon [_thread_blocked, id=14708, stack(0x000000001f710000,0x000000001f810000)]
  0x000000001dfe5000 JavaThread "File Watcher" daemon [_thread_blocked, id=17728, stack(0x000000001a910000,0x000000001aa10000)]
  0x000000001dfea000 JavaThread "File Watcher" daemon [_thread_blocked, id=18916, stack(0x000000001f110000,0x000000001f210000)]
  0x000000001dfe9800 JavaThread "File Watcher" daemon [_thread_blocked, id=14164, stack(0x000000001c240000,0x000000001c340000)]
  0x0000000021df4000 JavaThread "File Watcher" daemon [_thread_blocked, id=9516, stack(0x000000001ae70000,0x000000001af70000)]
  0x0000000021df3800 JavaThread "Thread-71" [_thread_blocked, id=8692, stack(0x0000000001190000,0x0000000001290000)]
  0x000000001dfeb800 JavaThread "RMI TCP Connection(idle)" daemon [_thread_blocked, id=13388, stack(0x00000000239e0000,0x0000000023ae0000)]
  0x000000001dff0000 JavaThread "DestroyJavaVM" [_thread_blocked, id=20984, stack(0x0000000002c50000,0x0000000002d50000)]
  0x000000001dfe8800 JavaThread "Live Reload Server" daemon [_thread_in_native, id=17660, stack(0x0000000020910000,0x0000000020a10000)]
  0x000000001bdae000 JavaThread "Thread-6" daemon [_thread_in_native, id=5388, stack(0x000000001c440000,0x000000001c540000)]
  0x000000001a3bb800 JavaThread "JMX server connection timeout 20" daemon [_thread_blocked, id=15748, stack(0x000000001b170000,0x000000001b270000)]
  0x000000001a3c2800 JavaThread "RMI Scheduler(0)" daemon [_thread_blocked, id=24100, stack(0x000000001ad70000,0x000000001ae70000)]
  0x000000001a24a000 JavaThread "RMI TCP Accept-0" daemon [_thread_in_native, id=12224, stack(0x000000001aa10000,0x000000001ab10000)]
  0x000000001a1b1000 JavaThread "RMI TCP Accept-59526" daemon [_thread_in_native, id=1308, stack(0x000000001a810000,0x000000001a910000)]
  0x000000001a1ac800 JavaThread "RMI TCP Accept-0" daemon [_thread_in_native, id=19508, stack(0x000000001a710000,0x000000001a810000)]
  0x0000000017ace800 JavaThread "Service Thread" daemon [_thread_blocked, id=5232, stack(0x0000000019e10000,0x0000000019f10000)]
  0x0000000017acd800 JavaThread "C1 CompilerThread2" daemon [_thread_blocked, id=4220, stack(0x0000000019d10000,0x0000000019e10000)]
  0x0000000019820800 JavaThread "C2 CompilerThread1" daemon [_thread_blocked, id=9672, stack(0x0000000019c10000,0x0000000019d10000)]
  0x0000000017a9d000 JavaThread "C2 CompilerThread0" daemon [_thread_blocked, id=21040, stack(0x0000000019710000,0x0000000019810000)]
  0x0000000017a91000 JavaThread "JDWP Command Reader" daemon [_thread_in_native, id=12284, stack(0x0000000019610000,0x0000000019710000)]
  0x0000000017a8c000 JavaThread "JDWP Event Helper Thread" daemon [_thread_blocked, id=20880, stack(0x0000000019510000,0x0000000019610000)]
=>0x0000000017a7e800 JavaThread "JDWP Transport Listener: dt_socket" daemon [_thread_in_vm, id=23772, stack(0x0000000019410000,0x0000000019510000)]
  0x0000000017a75000 JavaThread "Attach Listener" daemon [_thread_blocked, id=6304, stack(0x0000000018fd0000,0x00000000190d0000)]
  0x0000000017a74000 JavaThread "Signal Dispatcher" daemon [_thread_blocked, id=12068, stack(0x0000000018ed0000,0x0000000018fd0000)]
  0x0000000017a60000 JavaThread "Finalizer" daemon [_thread_blocked, id=19572, stack(0x0000000018cc0000,0x0000000018dc0000)]
  0x0000000002f47800 JavaThread "Reference Handler" daemon [_thread_blocked, id=22400, stack(0x0000000018bc0000,0x0000000018cc0000)]

Other Threads:
  0x0000000017a37800 VMThread [stack: 0x0000000018ac0000,0x0000000018bc0000] [id=10016]
  0x000000001a25d000 WatcherThread [stack: 0x000000001ab10000,0x000000001ac10000] [id=14120]

VM state:not at safepoint (normal execution)

VM Mutex/Monitor currently owned by a thread: None

Heap:
 PSYoungGen      total 357888K, used 263183K [0x00000000d5f80000, 0x00000000f0a00000, 0x0000000100000000)
  eden space 293376K, 70% used [0x00000000d5f80000,0x00000000e28e4240,0x00000000e7e00000)
  from space 64512K, 88% used [0x00000000ec800000,0x00000000eff9fb40,0x00000000f0700000)
  to   space 71680K, 0% used [0x00000000e7e00000,0x00000000e7e00000,0x00000000ec400000)
 ParOldGen       total 142848K, used 119245K [0x0000000081e00000, 0x000000008a980000, 0x00000000d5f80000)
  object space 142848K, 83% used [0x0000000081e00000,0x0000000089273630,0x000000008a980000)
 Metaspace       used 83082K, capacity 91142K, committed 91264K, reserved 1128448K
  class space    used 11525K, capacity 12915K, committed 12928K, reserved 1048576K

Card table byte_map: [0x0000000012310000,0x0000000012710000] byte_map_base: 0x0000000011f01000

Marking Bits: (ParMarkBitMap*) 0x000000006b7b64f0
 Begin Bits: [0x0000000012dc0000, 0x0000000014d48000)
 End Bits:   [0x0000000014d48000, 0x0000000016cd0000)

Polling page: 0x0000000000d60000

CodeCache: size=245760Kb used=24641Kb max_used=24641Kb free=221118Kb
 bounds [0x0000000002f50000, 0x0000000004770000, 0x0000000011f50000]
 total_blobs=13459 nmethods=12844 adapters=533
 compilation: enabled

Compilation events (10 events):
Event: 3067.712 Thread 0x0000000017acd800 13041       1       org.h2.mvstore.MVMap$DecisionMaker::<init> (5 bytes)
Event: 3067.712 Thread 0x0000000017acd800 nmethod 13041 0x0000000004761b90 code [0x0000000004761ce0, 0x0000000004761df0]
Event: 3067.713 Thread 0x0000000017acd800 13042       1       org.h2.util.SmallLRUCache::removeEldestEntry (17 bytes)
Event: 3067.713 Thread 0x0000000017acd800 nmethod 13042 0x0000000004761e50 code [0x0000000004761fa0, 0x00000000047620d0]
Event: 3067.719 Thread 0x0000000017acd800 13043       1       org.apache.catalina.core.StandardPipeline::getValves (58 bytes)
Event: 3067.720 Thread 0x0000000017acd800 nmethod 13043 0x0000000004762150 code [0x00000000047622e0, 0x0000000004762718]
Event: 3067.735 Thread 0x0000000017acd800 13044       1       ch.qos.logback.classic.pattern.ExtendedThrowableProxyConverter::extraData (6 bytes)
Event: 3067.735 Thread 0x0000000017acd800 nmethod 13044 0x0000000004762a50 code [0x0000000004762ba0, 0x0000000004762ce8]
Event: 3067.735 Thread 0x0000000017acd800 13045       1       ch.qos.logback.classic.spi.ThrowableProxyUtil::subjoinPackagingData (64 bytes)
Event: 3067.736 Thread 0x0000000017acd800 nmethod 13045 0x0000000004762d90 code [0x0000000004762f40, 0x0000000004763298]

GC Heap History (10 events):
Event: 3026.398 GC heap before
{Heap before GC invocations=45 (full 11):
 PSYoungGen      total 391168K, used 391160K [0x00000000d5f80000, 0x00000000f1100000, 0x0000000100000000)
  eden space 355840K, 100% used [0x00000000d5f80000,0x00000000ebb00000,0x00000000ebb00000)
  from space 35328K, 99% used [0x00000000ed900000,0x00000000efb7e330,0x00000000efb80000)
  to   space 22016K, 0% used [0x00000000efb80000,0x00000000efb80000,0x00000000f1100000)
 ParOldGen       total 142848K, used 95046K [0x0000000081e00000, 0x000000008a980000, 0x00000000d5f80000)
  object space 142848K, 66% used [0x0000000081e00000,0x0000000087ad18c8,0x000000008a980000)
 Metaspace       used 78250K, capacity 83826K, committed 84224K, reserved 1122304K
  class space    used 10851K, capacity 11888K, committed 12032K, reserved 1048576K
Event: 3026.438 GC heap after
Heap after GC invocations=45 (full 11):
 PSYoungGen      total 364032K, used 21991K [0x00000000d5f80000, 0x00000000f1280000, 0x0000000100000000)
  eden space 342016K, 0% used [0x00000000d5f80000,0x00000000d5f80000,0x00000000ead80000)
  from space 22016K, 99% used [0x00000000efb80000,0x00000000f10f9ec0,0x00000000f1100000)
  to   space 51712K, 0% used [0x00000000ead80000,0x00000000ead80000,0x00000000ee000000)
 ParOldGen       total 142848K, used 119213K [0x0000000081e00000, 0x000000008a980000, 0x00000000d5f80000)
  object space 142848K, 83% used [0x0000000081e00000,0x000000008926b630,0x000000008a980000)
 Metaspace       used 78250K, capacity 83826K, committed 84224K, reserved 1122304K
  class space    used 10851K, capacity 11888K, committed 12032K, reserved 1048576K
}
Event: 3031.769 GC heap before
{Heap before GC invocations=46 (full 11):
 PSYoungGen      total 364032K, used 364007K [0x00000000d5f80000, 0x00000000f1280000, 0x0000000100000000)
  eden space 342016K, 100% used [0x00000000d5f80000,0x00000000ead80000,0x00000000ead80000)
  from space 22016K, 99% used [0x00000000efb80000,0x00000000f10f9ec0,0x00000000f1100000)
  to   space 51712K, 0% used [0x00000000ead80000,0x00000000ead80000,0x00000000ee000000)
 ParOldGen       total 142848K, used 119213K [0x0000000081e00000, 0x000000008a980000, 0x00000000d5f80000)
  object space 142848K, 83% used [0x0000000081e00000,0x000000008926b630,0x000000008a980000)
 Metaspace       used 78679K, capacity 84290K, committed 84736K, reserved 1122304K
  class space    used 10894K, capacity 11933K, committed 12032K, reserved 1048576K
Event: 3031.798 GC heap after
Heap after GC invocations=46 (full 11):
 PSYoungGen      total 365056K, used 36333K [0x00000000d5f80000, 0x00000000f0a80000, 0x0000000100000000)
  eden space 328704K, 0% used [0x00000000d5f80000,0x00000000d5f80000,0x00000000ea080000)
  from space 36352K, 99% used [0x00000000ead80000,0x00000000ed0fb660,0x00000000ed100000)
  to   space 54272K, 0% used [0x00000000ed580000,0x00000000ed580000,0x00000000f0a80000)
 ParOldGen       total 142848K, used 119221K [0x0000000081e00000, 0x000000008a980000, 0x00000000d5f80000)
  object space 142848K, 83% used [0x0000000081e00000,0x000000008926d630,0x000000008a980000)
 Metaspace       used 78679K, capacity 84290K, committed 84736K, reserved 1122304K
  class space    used 10894K, capacity 11933K, committed 12032K, reserved 1048576K
}
Event: 3041.709 GC heap before
{Heap before GC invocations=47 (full 11):
 PSYoungGen      total 365056K, used 365037K [0x00000000d5f80000, 0x00000000f0a80000, 0x0000000100000000)
  eden space 328704K, 100% used [0x00000000d5f80000,0x00000000ea080000,0x00000000ea080000)
  from space 36352K, 99% used [0x00000000ead80000,0x00000000ed0fb660,0x00000000ed100000)
  to   space 54272K, 0% used [0x00000000ed580000,0x00000000ed580000,0x00000000f0a80000)
 ParOldGen       total 142848K, used 119221K [0x0000000081e00000, 0x000000008a980000, 0x00000000d5f80000)
  object space 142848K, 83% used [0x0000000081e00000,0x000000008926d630,0x000000008a980000)
 Metaspace       used 79201K, capacity 84910K, committed 84992K, reserved 1122304K
  class space    used 10951K, capacity 12004K, committed 12032K, reserved 1048576K
Event: 3041.743 GC heap after
Heap after GC invocations=47 (full 11):
 PSYoungGen      total 366592K, used 43088K [0x00000000d5f80000, 0x00000000f0680000, 0x0000000100000000)
  eden space 316416K, 0% used [0x00000000d5f80000,0x00000000d5f80000,0x00000000e9480000)
  from space 50176K, 85% used [0x00000000ed580000,0x00000000eff941f0,0x00000000f0680000)
  to   space 58368K, 0% used [0x00000000e9480000,0x00000000e9480000,0x00000000ecd80000)
 ParOldGen       total 142848K, used 119229K [0x0000000081e00000, 0x000000008a980000, 0x00000000d5f80000)
  object space 142848K, 83% used [0x0000000081e00000,0x000000008926f630,0x000000008a980000)
 Metaspace       used 79201K, capacity 84910K, committed 84992K, reserved 1122304K
  class space    used 10951K, capacity 12004K, committed 12032K, reserved 1048576K
}
Event: 3050.481 GC heap before
{Heap before GC invocations=48 (full 11):
 PSYoungGen      total 366592K, used 359474K [0x00000000d5f80000, 0x00000000f0680000, 0x0000000100000000)
  eden space 316416K, 99% used [0x00000000d5f80000,0x00000000e9478a08,0x00000000e9480000)
  from space 50176K, 85% used [0x00000000ed580000,0x00000000eff941f0,0x00000000f0680000)
  to   space 58368K, 0% used [0x00000000e9480000,0x00000000e9480000,0x00000000ecd80000)
 ParOldGen       total 142848K, used 119229K [0x0000000081e00000, 0x000000008a980000, 0x00000000d5f80000)
  object space 142848K, 83% used [0x0000000081e00000,0x000000008926f630,0x000000008a980000)
 Metaspace       used 80799K, capacity 87372K, committed 87424K, reserved 1124352K
  class space    used 11180K, capacity 12382K, committed 12416K, reserved 1048576K
Event: 3050.516 GC heap after
Heap after GC invocations=48 (full 11):
 PSYoungGen      total 354816K, used 49751K [0x00000000d5f80000, 0x00000000f0700000, 0x0000000100000000)
  eden space 304640K, 0% used [0x00000000d5f80000,0x00000000d5f80000,0x00000000e8900000)
  from space 50176K, 99% used [0x00000000e9480000,0x00000000ec515f38,0x00000000ec580000)
  to   space 64512K, 0% used [0x00000000ec800000,0x00000000ec800000,0x00000000f0700000)
 ParOldGen       total 142848K, used 119237K [0x0000000081e00000, 0x000000008a980000, 0x00000000d5f80000)
  object space 142848K, 83% used [0x0000000081e00000,0x0000000089271630,0x000000008a980000)
 Metaspace       used 80799K, capacity 87372K, committed 87424K, reserved 1124352K
  class space    used 11180K, capacity 12382K, committed 12416K, reserved 1048576K
}
Event: 3065.973 GC heap before
{Heap before GC invocations=49 (full 11):
 PSYoungGen      total 354816K, used 354391K [0x00000000d5f80000, 0x00000000f0700000, 0x0000000100000000)
  eden space 304640K, 100% used [0x00000000d5f80000,0x00000000e8900000,0x00000000e8900000)
  from space 50176K, 99% used [0x00000000e9480000,0x00000000ec515f38,0x00000000ec580000)
  to   space 64512K, 0% used [0x00000000ec800000,0x00000000ec800000,0x00000000f0700000)
 ParOldGen       total 142848K, used 119237K [0x0000000081e00000, 0x000000008a980000, 0x00000000d5f80000)
  object space 142848K, 83% used [0x0000000081e00000,0x0000000089271630,0x000000008a980000)
 Metaspace       used 82735K, capacity 90734K, committed 90752K, reserved 1126400K
  class space    used 11497K, capacity 12910K, committed 12928K, reserved 1048576K
Event: 3066.040 GC heap after
Heap after GC invocations=49 (full 11):
 PSYoungGen      total 357888K, used 56958K [0x00000000d5f80000, 0x00000000f0a00000, 0x0000000100000000)
  eden space 293376K, 0% used [0x00000000d5f80000,0x00000000d5f80000,0x00000000e7e00000)
  from space 64512K, 88% used [0x00000000ec800000,0x00000000eff9fb40,0x00000000f0700000)
  to   space 71680K, 0% used [0x00000000e7e00000,0x00000000e7e00000,0x00000000ec400000)
 ParOldGen       total 142848K, used 119245K [0x0000000081e00000, 0x000000008a980000, 0x00000000d5f80000)
  object space 142848K, 83% used [0x0000000081e00000,0x0000000089273630,0x000000008a980000)
 Metaspace       used 82735K, capacity 90734K, committed 90752K, reserved 1126400K
  class space    used 11497K, capacity 12910K, committed 12928K, reserved 1048576K
}

Deoptimization events (0 events):
No events

Internal exceptions (10 events):
Event: 3067.651 Thread 0x0000000021df6800 Exception <a 'java/lang/ArrayIndexOutOfBoundsException'> (0x00000000e0a1ce50) thrown at [D:\re\workspace\8-2-build-windows-amd64-cygwin\jdk8u92\6642\hotspot\src\share\vm\runtime\sharedRuntime.cpp, line 605]
Event: 3067.655 Thread 0x0000000021df6800 Exception <a 'java/lang/ArrayIndexOutOfBoundsException'> (0x00000000e0a62a28) thrown at [D:\re\workspace\8-2-build-windows-amd64-cygwin\jdk8u92\6642\hotspot\src\share\vm\runtime\sharedRuntime.cpp, line 605]
Event: 3067.655 Thread 0x0000000021df6800 Exception <a 'java/lang/ArrayIndexOutOfBoundsException'> (0x00000000e0a64858) thrown at [D:\re\workspace\8-2-build-windows-amd64-cygwin\jdk8u92\6642\hotspot\src\share\vm\runtime\sharedRuntime.cpp, line 605]
Event: 3067.655 Thread 0x0000000021df6800 Exception <a 'java/lang/ArrayIndexOutOfBoundsException'> (0x00000000e0a66778) thrown at [D:\re\workspace\8-2-build-windows-amd64-cygwin\jdk8u92\6642\hotspot\src\share\vm\runtime\sharedRuntime.cpp, line 605]
Event: 3067.655 Thread 0x0000000021df6800 Exception <a 'java/lang/ArrayIndexOutOfBoundsException'> (0x00000000e0a68bc0) thrown at [D:\re\workspace\8-2-build-windows-amd64-cygwin\jdk8u92\6642\hotspot\src\share\vm\runtime\sharedRuntime.cpp, line 605]
Event: 3067.656 Thread 0x0000000021df6800 Exception <a 'java/lang/ArrayIndexOutOfBoundsException'> (0x00000000e0a6a5f0) thrown at [D:\re\workspace\8-2-build-windows-amd64-cygwin\jdk8u92\6642\hotspot\src\share\vm\runtime\sharedRuntime.cpp, line 605]
Event: 3067.656 Thread 0x0000000021df6800 Exception <a 'java/lang/ArrayIndexOutOfBoundsException'> (0x00000000e0a6d2d8) thrown at [D:\re\workspace\8-2-build-windows-amd64-cygwin\jdk8u92\6642\hotspot\src\share\vm\runtime\sharedRuntime.cpp, line 605]
Event: 3067.656 Thread 0x0000000021df6800 Exception <a 'java/lang/ArrayIndexOutOfBoundsException'> (0x00000000e0a6ed08) thrown at [D:\re\workspace\8-2-build-windows-amd64-cygwin\jdk8u92\6642\hotspot\src\share\vm\runtime\sharedRuntime.cpp, line 605]
Event: 3067.719 Thread 0x0000000021df8000 Exception <a 'java/lang/InterruptedException': sleep interrupted> (0x00000000e1185e68) thrown at [D:\re\workspace\8-2-build-windows-amd64-cygwin\jdk8u92\6642\hotspot\src\share\vm\prims\jvm.cpp, line 3215]
Event: 3067.737 Thread 0x0000000021df6800 Exception <a 'java/lang/reflect/InvocationTargetException'> (0x00000000e127b198) thrown at [D:\re\workspace\8-2-build-windows-amd64-cygwin\jdk8u92\6642\hotspot\src\share\vm\runtime\reflection.cpp, line 1092]

Events (10 events):
Event: 3084.904 Executing VM operation: ChangeBreakpoints
Event: 3084.906 Executing VM operation: ChangeBreakpoints done
Event: 3084.909 Executing VM operation: ChangeBreakpoints
Event: 3084.912 Executing VM operation: ChangeBreakpoints done
Event: 3084.914 Executing VM operation: ChangeBreakpoints
Event: 3084.917 Executing VM operation: ChangeBreakpoints done
Event: 3084.919 Executing VM operation: ChangeBreakpoints
Event: 3084.922 Executing VM operation: ChangeBreakpoints done
Event: 3084.924 Executing VM operation: ChangeBreakpoints
Event: 3084.926 Executing VM operation: ChangeBreakpoints done


Dynamic libraries:
0x00007ff6d7790000 - 0x00007ff6d77c7000 	C:\DEV\jdk1.8.0_92\bin\javaw.exe
0x00007ffe1e7c0000 - 0x00007ffe1e9b0000 	C:\WINDOWS\SYSTEM32\ntdll.dll
0x00007ffe1e140000 - 0x00007ffe1e1f2000 	C:\WINDOWS\System32\KERNEL32.DLL
0x00007ffe1b780000 - 0x00007ffe1ba24000 	C:\WINDOWS\System32\KERNELBASE.dll
0x00007ffe1dae0000 - 0x00007ffe1db83000 	C:\WINDOWS\System32\ADVAPI32.dll
0x00007ffe1e470000 - 0x00007ffe1e50e000 	C:\WINDOWS\System32\msvcrt.dll
0x00007ffe1e5c0000 - 0x00007ffe1e657000 	C:\WINDOWS\System32\sechost.dll
0x00007ffe1e660000 - 0x00007ffe1e780000 	C:\WINDOWS\System32\RPCRT4.dll
0x00007ffe1e270000 - 0x00007ffe1e404000 	C:\WINDOWS\System32\USER32.dll
0x00007ffe1c840000 - 0x00007ffe1c861000 	C:\WINDOWS\System32\win32u.dll
0x00007ffe1c9e0000 - 0x00007ffe1ca06000 	C:\WINDOWS\System32\GDI32.dll
0x00007ffe1c6a0000 - 0x00007ffe1c834000 	C:\WINDOWS\System32\gdi32full.dll
0x00007ffe1c5a0000 - 0x00007ffe1c63e000 	C:\WINDOWS\System32\msvcp_win.dll
0x00007ffe1c4a0000 - 0x00007ffe1c59a000 	C:\WINDOWS\System32\ucrtbase.dll
0x00007ffe0d460000 - 0x00007ffe0d6e4000 	C:\WINDOWS\WinSxS\amd64_microsoft.windows.common-controls_6595b64144ccf1df_6.0.18362.836_none_e6c4b943130f18ed\COMCTL32.dll
0x00007ffe1d180000 - 0x00007ffe1d4b6000 	C:\WINDOWS\System32\combase.dll
0x00007ffe1c1b0000 - 0x00007ffe1c230000 	C:\WINDOWS\System32\bcryptPrimitives.dll
0x00007ffe1c870000 - 0x00007ffe1c89e000 	C:\WINDOWS\System32\IMM32.DLL
0x000000006b840000 - 0x000000006b912000 	C:\DEV\jdk1.8.0_92\jre\bin\msvcr100.dll
0x000000006afa0000 - 0x000000006b836000 	C:\DEV\jdk1.8.0_92\jre\bin\server\jvm.dll
0x00007ffe1dd30000 - 0x00007ffe1dd38000 	C:\WINDOWS\System32\PSAPI.DLL
0x00007ffe0a8f0000 - 0x00007ffe0a8f9000 	C:\WINDOWS\SYSTEM32\WSOCK32.dll
0x00007ffe113a0000 - 0x00007ffe113c4000 	C:\WINDOWS\SYSTEM32\WINMM.dll
0x00007ffe1de40000 - 0x00007ffe1deaf000 	C:\WINDOWS\System32\WS2_32.dll
0x00007ffe16e70000 - 0x00007ffe16e7a000 	C:\WINDOWS\SYSTEM32\VERSION.dll
0x00007ffe11370000 - 0x00007ffe1139d000 	C:\WINDOWS\SYSTEM32\WINMMBASE.dll
0x00007ffe1c450000 - 0x00007ffe1c49a000 	C:\WINDOWS\System32\cfgmgr32.dll
0x000000006af90000 - 0x000000006af9f000 	C:\DEV\jdk1.8.0_92\jre\bin\verify.dll
0x000000006af60000 - 0x000000006af89000 	C:\DEV\jdk1.8.0_92\jre\bin\java.dll
0x000000006ce40000 - 0x000000006ce75000 	C:\DEV\jdk1.8.0_92\jre\bin\jdwp.dll
0x000000006ce30000 - 0x000000006ce38000 	C:\DEV\jdk1.8.0_92\jre\bin\npt.dll
0x000000006af40000 - 0x000000006af56000 	C:\DEV\jdk1.8.0_92\jre\bin\zip.dll
0x00007ffe1ca30000 - 0x00007ffe1d114000 	C:\WINDOWS\System32\SHELL32.dll
0x00007ffe1e090000 - 0x00007ffe1e139000 	C:\WINDOWS\System32\shcore.dll
0x00007ffe1ba30000 - 0x00007ffe1c1ae000 	C:\WINDOWS\System32\windows.storage.dll
0x00007ffe1b720000 - 0x00007ffe1b743000 	C:\WINDOWS\System32\profapi.dll
0x00007ffe1b6b0000 - 0x00007ffe1b6fa000 	C:\WINDOWS\System32\powrprof.dll
0x00007ffe1b680000 - 0x00007ffe1b690000 	C:\WINDOWS\System32\UMPDC.dll
0x00007ffe1d120000 - 0x00007ffe1d172000 	C:\WINDOWS\System32\shlwapi.dll
0x00007ffe1b700000 - 0x00007ffe1b711000 	C:\WINDOWS\System32\kernel.appcore.dll
0x00007ffe1c230000 - 0x00007ffe1c247000 	C:\WINDOWS\System32\cryptsp.dll
0x000000006ce20000 - 0x000000006ce29000 	C:\DEV\jdk1.8.0_92\jre\bin\dt_socket.dll
0x00007ffe16770000 - 0x00007ffe16786000 	C:\WINDOWS\system32\napinsp.dll
0x00007ffe16750000 - 0x00007ffe1676a000 	C:\WINDOWS\system32\pnrpnsp.dll
0x00007ffe1ae90000 - 0x00007ffe1aef7000 	C:\WINDOWS\System32\mswsock.dll
0x00007ffe1abe0000 - 0x00007ffe1acab000 	C:\WINDOWS\SYSTEM32\DNSAPI.dll
0x00007ffe1e260000 - 0x00007ffe1e268000 	C:\WINDOWS\System32\NSI.dll
0x00007ffe1aba0000 - 0x00007ffe1abda000 	C:\WINDOWS\SYSTEM32\IPHLPAPI.DLL
0x00007ffe170a0000 - 0x00007ffe170ae000 	C:\WINDOWS\System32\winrnr.dll
0x00007ffe161a0000 - 0x00007ffe161bc000 	C:\WINDOWS\system32\NLAapi.dll
0x00007ffe174e0000 - 0x00007ffe174f5000 	C:\WINDOWS\system32\wshbth.dll
0x00007ffe134b0000 - 0x00007ffe13527000 	C:\WINDOWS\System32\fwpuclnt.dll
0x00007ffe1b750000 - 0x00007ffe1b776000 	C:\WINDOWS\System32\bcrypt.dll
0x00007ffe12080000 - 0x00007ffe1208a000 	C:\Windows\System32\rasadhlp.dll
0x000000006aeb0000 - 0x000000006aebd000 	C:\DEV\jdk1.8.0_92\jre\bin\management.dll
0x000000006af20000 - 0x000000006af3a000 	C:\DEV\jdk1.8.0_92\jre\bin\net.dll
0x000000006af00000 - 0x000000006af11000 	C:\DEV\jdk1.8.0_92\jre\bin\nio.dll
0x00007ffe1aa00000 - 0x00007ffe1aa33000 	C:\WINDOWS\system32\rsaenh.dll
0x00007ffe1b5a0000 - 0x00007ffe1b5c5000 	C:\WINDOWS\SYSTEM32\USERENV.dll
0x00007ffe1b060000 - 0x00007ffe1b06c000 	C:\WINDOWS\SYSTEM32\CRYPTBASE.dll
0x00007ffe14fc0000 - 0x00007ffe14fd6000 	C:\WINDOWS\SYSTEM32\dhcpcsvc6.DLL
0x00007ffe154d0000 - 0x00007ffe154ec000 	C:\WINDOWS\SYSTEM32\dhcpcsvc.DLL
0x000000006aed0000 - 0x000000006aef4000 	C:\DEV\jdk1.8.0_92\jre\bin\sunec.dll
0x000000006aec0000 - 0x000000006aecb000 	C:\DEV\jdk1.8.0_92\jre\bin\sunmscapi.dll
0x00007ffe1c250000 - 0x00007ffe1c399000 	C:\WINDOWS\System32\CRYPT32.dll
0x00007ffe1b690000 - 0x00007ffe1b6a2000 	C:\WINDOWS\System32\MSASN1.dll
0x00007ffe15270000 - 0x00007ffe15464000 	C:\WINDOWS\SYSTEM32\dbghelp.dll

VM Arguments:
jvm_args: -agentlib:jdwp=transport=dt_socket,suspend=y,address=localhost:59527 -Dcom.sun.management.jmxremote -Dcom.sun.management.jmxremote.port=59526 -Dcom.sun.management.jmxremote.authenticate=false -Dcom.sun.management.jmxremote.ssl=false -Djava.rmi.server.hostname=localhost -Dspring.liveBeansView.mbeanDomain -Dspring.application.admin.enabled=true -Xverify:none -XX:TieredStopAtLevel=1 -Dfile.encoding=UTF-8 
java_command: com.app.reg.springbootregapp.SpringbootRegAppApplication --spring.output.ansi.enabled=always
java_class_path (initial): C:\DEV\projeto springboot-reg-app\springboot-reg-app\target\classes;C:\DEV\Springboot\sts-bundle2\sts-3.9.6.RELEASE\plugins\org.junit_4.12.0.v201504281640\junit.jar;C:\DEV\Springboot\sts-bundle2\sts-3.9.6.RELEASE\plugins\org.hamcrest.core_1.3.0.v20180420-1519.jar;C:\Users\danie\.m2\repository\com\fasterxml\jackson\core\jackson-databind\2.9.4\jackson-databind-2.9.4.jar;C:\Users\danie\.m2\repository\com\fasterxml\jackson\core\jackson-annotations\2.9.0\jackson-annotations-2.9.0.jar;C:\Users\danie\.m2\repository\com\fasterxml\jackson\core\jackson-core\2.9.8\jackson-core-2.9.8.jar;C:\Users\danie\.m2\repository\org\springframework\boot\spring-boot-starter-data-jpa\2.1.4.RELEASE\spring-boot-starter-data-jpa-2.1.4.RELEASE.jar;C:\Users\danie\.m2\repository\org\springframework\boot\spring-boot-starter-aop\2.1.4.RELEASE\spring-boot-starter-aop-2.1.4.RELEASE.jar;C:\Users\danie\.m2\repository\org\aspectj\aspectjweaver\1.9.2\aspectjweaver-1.9.2.jar;C:\Users\danie\.m2\repository\org\springframework\boot\spring-boot-starter-jdbc\2.1.4.RELEASE\spring-boot-starter-jdbc-2.1.4.RELEASE.jar;C:\Users\danie\.m2\repository\com\zaxxer\HikariCP\3.2.0\HikariCP-3.2.0.jar;C:\Users\danie\.m2\repository\org\springframework\spring-jdbc\5.1.6.RELEASE\spring-jdbc-5.1.6.RELEASE.jar;C:\Users\danie\.m2\repository\javax\transaction\javax.transaction-api\1.3\javax.transaction-api-1.3.jar;C:\Users\danie\.m2\repository\javax\xml\bind\jaxb-api\2.3.1\jaxb-api-2.3.1.jar;C:\Users\danie\.m2\repository\javax\activation\javax.activation-api\1.2.0\javax.activation-api-1.2.0.jar;C:\Users\danie\.m2\repository\org\hibernate\hibernate-core\5.3.9.Final\hibernate-core-5.3.9.Final.jar;C:\Users\danie\.m2\repository\org\jboss\logging\jboss-logging\3.3.2.Final\jboss-logging-3.3.2.Final.jar;C:\Users\danie\.m2\repository\javax\persistence\javax.persistence-api\2.2\javax.persistence-api-2.2.jar;C:\Users\danie\.m2\repository\org\javassist\javassist\3.23.1-GA\javassist-3.23.1-GA.jar;C:\Users\danie\.m2
Launcher Type: SUN_STANDARD

Environment Variables:
JAVA_HOME=C:\DEV\jdk1.8.0_92
PATH=C:\DEV\jdk1.8.0_92\jre\bin;C:\Program Files (x86)\Common Files\Oracle\Java\javapath;C:\Program Files (x86)\Intel\iCLS Client\;C:\Program Files\Intel\iCLS Client\;C:\Windows\system32;C:\Windows;C:\Windows\System32\Wbem;C:\Windows\System32\WindowsPowerShell\v1.0\;C:\Program Files (x86)\Intel\Intel(R) Management Engine Components\DAL;C:\Program Files\Intel\Intel(R) Management Engine Components\DAL;C:\Program Files (x86)\Intel\Intel(R) Management Engine Components\IPT;C:\Program Files\Intel\Intel(R) Management Engine Components\IPT;C:\Program Files (x86)\NVIDIA Corporation\PhysX\Common;C:\Program Files\NVIDIA Corporation\NVIDIA NvDLISR;C:\WINDOWS\system32;C:\WINDOWS;C:\WINDOWS\System32\Wbem;C:\WINDOWS\System32\WindowsPowerShell\v1.0\;C:\WINDOWS\System32\OpenSSH\;C:\ProgramData\chocolatey\bin;C:\Program Files (x86)\Yarn\bin\;C:\Program Files\nodejs\;C:\Program Files\Git\cmd;C:\Program Files\PuTTY\;C:\DEV\projeto react\jdk\platform-tools;C:\DEV\projeto react\jdk\tools;C:\DEV\jdk1.8.0_92\bin;C:\Program Files\MongoDB\Server\4.2\bin;C:\DEV\apache-maven-3.6.3\bin;C:\Users\danie\AppData\Local\Microsoft\WindowsApps;C:\Users\danie\AppData\Local\Yarn\bin;C:\Users\danie\AppData\Roaming\npm;C:\Users\danie\AppData\Local\Programs\Microsoft VS Code\bin;C:\DEV\jdk1.8.0_92\bin;C:\DEV\projeto react\jdk\tools;C:\DEV\projeto react\jdk\bin;
USERNAME=danie
OS=Windows_NT
PROCESSOR_IDENTIFIER=Intel64 Family 6 Model 142 Stepping 9, GenuineIntel



---------------  S Y S T E M  ---------------

OS: Windows 10.0 , 64 bit Build 18362 (10.0.18362.778)

CPU:total 4 (2 cores per cpu, 2 threads per core) family 6 model 142 stepping 9, cmov, cx8, fxsr, mmx, sse, sse2, sse3, ssse3, sse4.1, sse4.2, popcnt, avx, avx2, aes, clmul, erms, 3dnowpref, lzcnt, ht, tsc, tscinvbit, bmi1, bmi2, adx

Memory: 4k page, physical 8261220k(873708k free), swap 16668160k(3768612k free)

vm_info: Java HotSpot(TM) 64-Bit Server VM (25.92-b14) for windows-amd64 JRE (1.8.0_92-b14), built on Mar 31 2016 21:03:04 by "java_re" with MS VC++ 10.0 (VS2010)

time: Sun Jun 07 13:11:05 2020
elapsed time: 3085 seconds (0d 0h 51m 25s)

