#
# A fatal error has been detected by the Java Runtime Environment:
#
#  EXCEPTION_ACCESS_VIOLATION (0xc0000005) at pc=0x000000006b0c9575, pid=19480, tid=0x0000000000004dfc
#
# JRE version: Java(TM) SE Runtime Environment (8.0_92-b14) (build 1.8.0_92-b14)
# Java VM: Java HotSpot(TM) 64-Bit Server VM (25.92-b14 mixed mode windows-amd64 compressed oops)
# Problematic frame:
# V  [jvm.dll+0x129575]
#
# Failed to write core dump. Minidumps are not enabled by default on client versions of Windows
#
# If you would like to submit a bug report, please visit:
#   http://bugreport.java.com/bugreport/crash.jsp
#

---------------  T H R E A D  ---------------

Current thread (0x00000000172cf800):  JavaThread "JDWP Transport Listener: dt_socket" daemon [_thread_in_vm, id=19964, stack(0x0000000018c70000,0x0000000018d70000)]

siginfo: ExceptionCode=0xc0000005, reading address 0xffffffffffffffff

Registers:
RAX=0x0000000018d6f501, RBX=0x00000000172cf800, RCX=0x53726168432f676e, RDX=0x0000000000000000
RSP=0x0000000018d6f530, RBP=0x53726168432f676e, RSI=0x0000000018d6f648, RDI=0x00000000026a33f0
R8 =0x00000000172cf800, R9 =0x0000000000000001, R10=0x0000000000008000, R11=0x0000000018d6f480
R12=0x0000000000000000, R13=0x00000000172da098, R14=0x0000000000000000, R15=0x0000000000000000
RIP=0x000000006b0c9575, EFLAGS=0x0000000000010202

Top of Stack: (sp=0x0000000018d6f530)
0x0000000018d6f530:   00000000172cf800 00000000172cf800
0x0000000018d6f540:   0000000018d6f5f8 000000006b2cfbab
0x0000000018d6f550:   00000000172cf800 000000006b2ec40d
0x0000000018d6f560:   0000000000000000 000000006ce59155
0x0000000018d6f570:   000000001d8f2220 000000006ce6291e
0x0000000018d6f580:   00000000172cf800 0000000000000000
0x0000000018d6f590:   0000000000000000 0000000000000000
0x0000000018d6f5a0:   53726168432f676e 000000006ce61a15
0x0000000018d6f5b0:   0000000018d6f648 0000000018d6f620
0x0000000018d6f5c0:   0000000000000001 000000001d8f2220
0x0000000018d6f5d0:   53726168432f676e 000000006ce453b3
0x0000000018d6f5e0:   0000000018d6f710 0000000000000001
0x0000000018d6f5f0:   0000000000000001 000000001d8f2220
0x0000000018d6f600:   0000000000000001 0000000000000000
0x0000000018d6f610:   0000000000000000 0000000000000000
0x0000000018d6f620:   0000000000000001 000000006ce45571 

Instructions: (pc=0x000000006b0c9575)
0x000000006b0c9555:   cc cc cc cc cc cc cc cc cc cc cc 48 83 ec 28 48
0x000000006b0c9565:   85 c9 75 07 33 c0 48 83 c4 28 c3 48 89 5c 24 20
0x000000006b0c9575:   48 8b 19 48 85 db 74 20 48 83 fb 37 74 1a 48 8b
0x000000006b0c9585:   13 48 8b cb ff 52 10 84 c0 74 0d 48 8b c3 48 8b 


Register to memory mapping:

RAX=0x0000000018d6f501 is pointing into the stack for thread: 0x00000000172cf800
RBX=0x00000000172cf800 is a thread
RCX=0x53726168432f676e is an unknown value
RDX=0x0000000000000000 is an unknown value
RSP=0x0000000018d6f530 is pointing into the stack for thread: 0x00000000172cf800
RBP=0x53726168432f676e is an unknown value
RSI=0x0000000018d6f648 is pointing into the stack for thread: 0x00000000172cf800
RDI=0x00000000026a33f0 is an unknown value
R8 =0x00000000172cf800 is a thread
R9 =0x0000000000000001 is an unknown value
R10=0x0000000000008000 is an unknown value
R11=0x0000000018d6f480 is pointing into the stack for thread: 0x00000000172cf800
R12=0x0000000000000000 is an unknown value
R13=0x00000000172da098 is an unknown value
R14=0x0000000000000000 is an unknown value
R15=0x0000000000000000 is an unknown value


Stack: [0x0000000018c70000,0x0000000018d70000],  sp=0x0000000018d6f530,  free space=1021k
Native frames: (J=compiled Java code, j=interpreted, Vv=VM code, C=native code)
V  [jvm.dll+0x129575]
V  [jvm.dll+0x34c40d]
C  [jdwp.dll+0x21a15]
C  [jdwp.dll+0x53b3]
C  [jdwp.dll+0x5571]
C  [jdwp.dll+0xf0a8]
C  [jdwp.dll+0x1f2d5]
C  [jdwp.dll+0x1f4aa]
V  [jvm.dll+0x1bc3e8]
V  [jvm.dll+0x244314]
V  [jvm.dll+0x29b34a]
C  [msvcr100.dll+0x21d9f]
C  [msvcr100.dll+0x21e3b]
C  [KERNEL32.DLL+0x17bd4]
C  [ntdll.dll+0x6ce51]


---------------  P R O C E S S  ---------------

Java Threads: ( => current thread )
  0x000000001e1f2000 JavaThread "DestroyJavaVM" [_thread_blocked, id=21676, stack(0x00000000025a0000,0x00000000026a0000)]
  0x000000001e1ef800 JavaThread "http-nio-8080-Acceptor-0" daemon [_thread_in_native, id=18796, stack(0x0000000021870000,0x0000000021970000)]
  0x000000001ad19800 JavaThread "http-nio-8080-ClientPoller-1" daemon [_thread_in_native, id=22804, stack(0x0000000021770000,0x0000000021870000)]
  0x000000001ad18000 JavaThread "http-nio-8080-ClientPoller-0" daemon [_thread_in_native, id=4040, stack(0x0000000021670000,0x0000000021770000)]
  0x000000001ad1e000 JavaThread "http-nio-8080-exec-10" daemon [_thread_blocked, id=13424, stack(0x0000000021570000,0x0000000021670000)]
  0x000000001ad1c800 JavaThread "http-nio-8080-exec-9" daemon [_thread_blocked, id=13880, stack(0x0000000021470000,0x0000000021570000)]
  0x000000001ad1b800 JavaThread "http-nio-8080-exec-8" daemon [_thread_blocked, id=10296, stack(0x0000000021370000,0x0000000021470000)]
  0x000000001ad1b000 JavaThread "http-nio-8080-exec-7" daemon [_thread_blocked, id=5892, stack(0x0000000021270000,0x0000000021370000)]
  0x000000001ad18800 JavaThread "http-nio-8080-exec-6" daemon [_thread_blocked, id=19976, stack(0x0000000021170000,0x0000000021270000)]
  0x000000001ad1a000 JavaThread "http-nio-8080-exec-5" daemon [_thread_blocked, id=9996, stack(0x0000000021070000,0x0000000021170000)]
  0x000000001ad1d000 JavaThread "http-nio-8080-exec-4" daemon [_thread_blocked, id=18288, stack(0x0000000020f70000,0x0000000021070000)]
  0x000000001ad10800 JavaThread "http-nio-8080-exec-3" daemon [_thread_blocked, id=17996, stack(0x0000000020e70000,0x0000000020f70000)]
  0x000000001ad17000 JavaThread "http-nio-8080-exec-2" daemon [_thread_blocked, id=7692, stack(0x0000000020d70000,0x0000000020e70000)]
  0x000000001ad0f800 JavaThread "http-nio-8080-exec-1" daemon [_thread_blocked, id=9548, stack(0x0000000020c70000,0x0000000020d70000)]
  0x000000001ad11000 JavaThread "NioBlockingSelector.BlockPoller-1" daemon [_thread_in_native, id=368, stack(0x0000000020070000,0x0000000020170000)]
  0x000000001ad0f000 JavaThread "File Watcher" daemon [_thread_blocked, id=24524, stack(0x000000001f770000,0x000000001f870000)]
  0x000000001ad13800 JavaThread "Live Reload Server" daemon [_thread_in_native, id=1828, stack(0x0000000020170000,0x0000000020270000)]
  0x000000001ad12800 JavaThread "HikariPool-1 housekeeper" daemon [_thread_blocked, id=23276, stack(0x000000001f470000,0x000000001f570000)]
  0x000000001ad15800 JavaThread "container-0" [_thread_blocked, id=13772, stack(0x000000001f170000,0x000000001f270000)]
  0x000000001ad15000 JavaThread "Catalina-utility-2" [_thread_blocked, id=24452, stack(0x000000001f070000,0x000000001f170000)]
  0x000000001ad14000 JavaThread "Catalina-utility-1" [_thread_blocked, id=17832, stack(0x000000001ef70000,0x000000001f070000)]
  0x000000001ad12000 JavaThread "CleanCursors-1-thread-1" daemon [_thread_blocked, id=3636, stack(0x000000001eb70000,0x000000001ec70000)]
  0x0000000019d39000 JavaThread "cluster-ClusterId{value='5edda3ab2e6d774c18b1d21b', description='null'}-cluster0-shard-00-02-cavc6.mongodb.net:27017" daemon [_thread_blocked, id=14120, stack(0x000000001e870000,0x000000001e970000)]
  0x0000000019d38800 JavaThread "cluster-ClusterId{value='5edda3ab2e6d774c18b1d21b', description='null'}-cluster0-shard-00-01-cavc6.mongodb.net:27017" daemon [_thread_blocked, id=13340, stack(0x000000001e770000,0x000000001e870000)]
  0x0000000019d36000 JavaThread "cluster-ClusterId{value='5edda3ab2e6d774c18b1d21b', description='null'}-cluster0-shard-00-00-cavc6.mongodb.net:27017" daemon [_thread_blocked, id=15328, stack(0x000000001e670000,0x000000001e770000)]
  0x0000000019d37800 JavaThread "Thread-6" daemon [_thread_in_native, id=13504, stack(0x000000001bca0000,0x000000001bda0000)]
  0x0000000019c94800 JavaThread "JMX server connection timeout 20" daemon [_thread_blocked, id=12264, stack(0x000000001a9d0000,0x000000001aad0000)]
  0x0000000019ca4000 JavaThread "RMI TCP Connection(idle)" daemon [_thread_blocked, id=8048, stack(0x000000001a8d0000,0x000000001a9d0000)]
  0x0000000019ca0800 JavaThread "RMI Scheduler(0)" daemon [_thread_blocked, id=8792, stack(0x000000001a7d0000,0x000000001a8d0000)]
  0x0000000019a4d000 JavaThread "RMI TCP Accept-0" daemon [_thread_in_native, id=6324, stack(0x000000001a170000,0x000000001a270000)]
  0x0000000019a3f800 JavaThread "RMI TCP Accept-49869" daemon [_thread_in_native, id=8432, stack(0x000000001a070000,0x000000001a170000)]
  0x0000000019a38800 JavaThread "RMI TCP Accept-0" daemon [_thread_in_native, id=13300, stack(0x0000000019f70000,0x000000001a070000)]
  0x00000000190c5800 JavaThread "Service Thread" daemon [_thread_blocked, id=13656, stack(0x0000000019670000,0x0000000019770000)]
  0x000000001731e800 JavaThread "C1 CompilerThread2" daemon [_thread_blocked, id=5632, stack(0x0000000019570000,0x0000000019670000)]
  0x000000001731d800 JavaThread "C2 CompilerThread1" daemon [_thread_blocked, id=21252, stack(0x0000000019470000,0x0000000019570000)]
  0x00000000172f1000 JavaThread "C2 CompilerThread0" daemon [_thread_blocked, id=7140, stack(0x0000000018f70000,0x0000000019070000)]
  0x00000000172e0000 JavaThread "JDWP Command Reader" daemon [_thread_in_native, id=15340, stack(0x0000000018e70000,0x0000000018f70000)]
  0x00000000172dc800 JavaThread "JDWP Event Helper Thread" daemon [_thread_blocked, id=6868, stack(0x0000000018d70000,0x0000000018e70000)]
=>0x00000000172cf800 JavaThread "JDWP Transport Listener: dt_socket" daemon [_thread_in_vm, id=19964, stack(0x0000000018c70000,0x0000000018d70000)]
  0x00000000172c6000 JavaThread "Attach Listener" daemon [_thread_blocked, id=7088, stack(0x0000000018830000,0x0000000018930000)]
  0x00000000172c5000 JavaThread "Signal Dispatcher" daemon [_thread_blocked, id=9256, stack(0x0000000018730000,0x0000000018830000)]
  0x00000000172b0000 JavaThread "Finalizer" daemon [_thread_blocked, id=10428, stack(0x0000000018520000,0x0000000018620000)]
  0x0000000002797800 JavaThread "Reference Handler" daemon [_thread_blocked, id=12268, stack(0x0000000018420000,0x0000000018520000)]

Other Threads:
  0x0000000017287800 VMThread [stack: 0x0000000018320000,0x0000000018420000] [id=14428]
  0x0000000019a4e800 WatcherThread [stack: 0x000000001a270000,0x000000001a370000] [id=23592]

VM state:not at safepoint (normal execution)

VM Mutex/Monitor currently owned by a thread: None

Heap:
 PSYoungGen      total 305664K, used 200504K [0x00000000d5f80000, 0x00000000ea780000, 0x0000000100000000)
  eden space 282624K, 63% used [0x00000000d5f80000,0x00000000e0f05da0,0x00000000e7380000)
  from space 23040K, 90% used [0x00000000e8c80000,0x00000000ea0c8380,0x00000000ea300000)
  to   space 25600K, 0% used [0x00000000e7380000,0x00000000e7380000,0x00000000e8c80000)
 ParOldGen       total 150528K, used 40954K [0x0000000081e00000, 0x000000008b100000, 0x00000000d5f80000)
  object space 150528K, 27% used [0x0000000081e00000,0x00000000845febd8,0x000000008b100000)
 Metaspace       used 71743K, capacity 75548K, committed 75776K, reserved 1114112K
  class space    used 10076K, capacity 10749K, committed 10752K, reserved 1048576K

Card table byte_map: [0x0000000011b60000,0x0000000011f60000] byte_map_base: 0x0000000011751000

Marking Bits: (ParMarkBitMap*) 0x000000006b7b64f0
 Begin Bits: [0x0000000012610000, 0x0000000014598000)
 End Bits:   [0x0000000014598000, 0x0000000016520000)

Polling page: 0x00000000003f0000

CodeCache: size=245760Kb used=13043Kb max_used=13043Kb free=232716Kb
 bounds [0x00000000027a0000, 0x0000000003470000, 0x00000000117a0000]
 total_blobs=7197 nmethods=6588 adapters=528
 compilation: enabled

Compilation events (10 events):
Event: 415.974 Thread 0x000000001731e800 6767       1       com.mongodb.internal.connection.DefaultServerMonitor::access$100 (5 bytes)
Event: 415.974 Thread 0x000000001731e800 nmethod 6767 0x000000000345f350 code [0x000000000345f4a0, 0x000000000345f590]
Event: 415.974 Thread 0x000000001731e800 6768       1       com.mongodb.internal.connection.BaseCluster::getCurrentDescription (5 bytes)
Event: 415.974 Thread 0x000000001731e800 nmethod 6768 0x000000000345f610 code [0x000000000345f760, 0x000000000345f870]
Event: 416.978 Thread 0x000000001731e800 6769       1       java.nio.channels.SelectionKey::attachment (5 bytes)
Event: 416.978 Thread 0x000000001731e800 nmethod 6769 0x000000000345f8d0 code [0x000000000345fa20, 0x000000000345fb30]
Event: 418.183 Thread 0x000000001731e800 6770       1       org.apache.catalina.core.StandardPipeline::getFirst (17 bytes)
Event: 418.184 Thread 0x000000001731e800 nmethod 6770 0x000000000345fb90 code [0x000000000345fce0, 0x000000000345fe10]
Event: 418.572 Thread 0x000000001731e800 6771       1       com.mongodb.internal.connection.DefaultClusterableServerFactory::getSettings (5 bytes)
Event: 418.572 Thread 0x000000001731e800 nmethod 6771 0x000000000345fe90 code [0x000000000345ffe0, 0x00000000034600f0]

GC Heap History (10 events):
Event: 8.877 GC heap before
{Heap before GC invocations=13 (full 2):
 PSYoungGen      total 205824K, used 205454K [0x00000000d5f80000, 0x00000000e4980000, 0x0000000100000000)
  eden space 199168K, 100% used [0x00000000d5f80000,0x00000000e2200000,0x00000000e2200000)
  from space 6656K, 94% used [0x00000000e4300000,0x00000000e4923af8,0x00000000e4980000)
  to   space 17920K, 0% used [0x00000000e2680000,0x00000000e2680000,0x00000000e3800000)
 ParOldGen       total 103936K, used 24599K [0x0000000081e00000, 0x0000000088380000, 0x00000000d5f80000)
  object space 103936K, 23% used [0x0000000081e00000,0x0000000083605e80,0x0000000088380000)
 Metaspace       used 49401K, capacity 51608K, committed 51840K, reserved 1093632K
  class space    used 6757K, capacity 7212K, committed 7296K, reserved 1048576K
Event: 8.899 GC heap after
Heap after GC invocations=13 (full 2):
 PSYoungGen      total 221696K, used 17914K [0x00000000d5f80000, 0x00000000e7700000, 0x0000000100000000)
  eden space 203776K, 0% used [0x00000000d5f80000,0x00000000d5f80000,0x00000000e2680000)
  from space 17920K, 99% used [0x00000000e2680000,0x00000000e37fe9a0,0x00000000e3800000)
  to   space 22016K, 0% used [0x00000000e6180000,0x00000000e6180000,0x00000000e7700000)
 ParOldGen       total 103936K, used 27903K [0x0000000081e00000, 0x0000000088380000, 0x00000000d5f80000)
  object space 103936K, 26% used [0x0000000081e00000,0x000000008393fff0,0x0000000088380000)
 Metaspace       used 49401K, capacity 51608K, committed 51840K, reserved 1093632K
  class space    used 6757K, capacity 7212K, committed 7296K, reserved 1048576K
}
Event: 9.648 GC heap before
{Heap before GC invocations=14 (full 2):
 PSYoungGen      total 221696K, used 91377K [0x00000000d5f80000, 0x00000000e7700000, 0x0000000100000000)
  eden space 203776K, 36% used [0x00000000d5f80000,0x00000000da73dc50,0x00000000e2680000)
  from space 17920K, 99% used [0x00000000e2680000,0x00000000e37fe9a0,0x00000000e3800000)
  to   space 22016K, 0% used [0x00000000e6180000,0x00000000e6180000,0x00000000e7700000)
 ParOldGen       total 103936K, used 27903K [0x0000000081e00000, 0x0000000088380000, 0x00000000d5f80000)
  object space 103936K, 26% used [0x0000000081e00000,0x000000008393fff0,0x0000000088380000)
 Metaspace       used 56726K, capacity 58964K, committed 59096K, reserved 1099776K
  class space    used 7856K, capacity 8318K, committed 8320K, reserved 1048576K
Event: 9.667 GC heap after
Heap after GC invocations=14 (full 2):
 PSYoungGen      total 263168K, used 15813K [0x00000000d5f80000, 0x00000000e8200000, 0x0000000100000000)
  eden space 241152K, 0% used [0x00000000d5f80000,0x00000000d5f80000,0x00000000e4b00000)
  from space 22016K, 71% used [0x00000000e6180000,0x00000000e70f1618,0x00000000e7700000)
  to   space 23040K, 0% used [0x00000000e4b00000,0x00000000e4b00000,0x00000000e6180000)
 ParOldGen       total 103936K, used 31863K [0x0000000081e00000, 0x0000000088380000, 0x00000000d5f80000)
  object space 103936K, 30% used [0x0000000081e00000,0x0000000083d1ddb8,0x0000000088380000)
 Metaspace       used 56726K, capacity 58964K, committed 59096K, reserved 1099776K
  class space    used 7856K, capacity 8318K, committed 8320K, reserved 1048576K
}
Event: 9.667 GC heap before
{Heap before GC invocations=15 (full 3):
 PSYoungGen      total 263168K, used 15813K [0x00000000d5f80000, 0x00000000e8200000, 0x0000000100000000)
  eden space 241152K, 0% used [0x00000000d5f80000,0x00000000d5f80000,0x00000000e4b00000)
  from space 22016K, 71% used [0x00000000e6180000,0x00000000e70f1618,0x00000000e7700000)
  to   space 23040K, 0% used [0x00000000e4b00000,0x00000000e4b00000,0x00000000e6180000)
 ParOldGen       total 103936K, used 31863K [0x0000000081e00000, 0x0000000088380000, 0x00000000d5f80000)
  object space 103936K, 30% used [0x0000000081e00000,0x0000000083d1ddb8,0x0000000088380000)
 Metaspace       used 56726K, capacity 58964K, committed 59096K, reserved 1099776K
  class space    used 7856K, capacity 8318K, committed 8320K, reserved 1048576K
Event: 9.894 GC heap after
Heap after GC invocations=15 (full 3):
 PSYoungGen      total 263168K, used 0K [0x00000000d5f80000, 0x00000000e8200000, 0x0000000100000000)
  eden space 241152K, 0% used [0x00000000d5f80000,0x00000000d5f80000,0x00000000e4b00000)
  from space 22016K, 0% used [0x00000000e6180000,0x00000000e6180000,0x00000000e7700000)
  to   space 23040K, 0% used [0x00000000e4b00000,0x00000000e4b00000,0x00000000e6180000)
 ParOldGen       total 150528K, used 40938K [0x0000000081e00000, 0x000000008b100000, 0x00000000d5f80000)
  object space 150528K, 27% used [0x0000000081e00000,0x00000000845fabd8,0x000000008b100000)
 Metaspace       used 56726K, capacity 58964K, committed 59096K, reserved 1099776K
  class space    used 7856K, capacity 8318K, committed 8320K, reserved 1048576K
}
Event: 11.897 GC heap before
{Heap before GC invocations=16 (full 3):
 PSYoungGen      total 263168K, used 241152K [0x00000000d5f80000, 0x00000000e8200000, 0x0000000100000000)
  eden space 241152K, 100% used [0x00000000d5f80000,0x00000000e4b00000,0x00000000e4b00000)
  from space 22016K, 0% used [0x00000000e6180000,0x00000000e6180000,0x00000000e7700000)
  to   space 23040K, 0% used [0x00000000e4b00000,0x00000000e4b00000,0x00000000e6180000)
 ParOldGen       total 150528K, used 40938K [0x0000000081e00000, 0x000000008b100000, 0x00000000d5f80000)
  object space 150528K, 27% used [0x0000000081e00000,0x00000000845fabd8,0x000000008b100000)
 Metaspace       used 62735K, capacity 65850K, committed 65920K, reserved 1105920K
  class space    used 8746K, capacity 9308K, committed 9344K, reserved 1048576K
Event: 11.914 GC heap after
Heap after GC invocations=16 (full 3):
 PSYoungGen      total 264192K, used 14504K [0x00000000d5f80000, 0x00000000ea300000, 0x0000000100000000)
  eden space 241152K, 0% used [0x00000000d5f80000,0x00000000d5f80000,0x00000000e4b00000)
  from space 23040K, 62% used [0x00000000e4b00000,0x00000000e592a050,0x00000000e6180000)
  to   space 23040K, 0% used [0x00000000e8c80000,0x00000000e8c80000,0x00000000ea300000)
 ParOldGen       total 150528K, used 40946K [0x0000000081e00000, 0x000000008b100000, 0x00000000d5f80000)
  object space 150528K, 27% used [0x0000000081e00000,0x00000000845fcbd8,0x000000008b100000)
 Metaspace       used 62735K, capacity 65850K, committed 65920K, reserved 1105920K
  class space    used 8746K, capacity 9308K, committed 9344K, reserved 1048576K
}
Event: 13.667 GC heap before
{Heap before GC invocations=17 (full 3):
 PSYoungGen      total 264192K, used 255656K [0x00000000d5f80000, 0x00000000ea300000, 0x0000000100000000)
  eden space 241152K, 100% used [0x00000000d5f80000,0x00000000e4b00000,0x00000000e4b00000)
  from space 23040K, 62% used [0x00000000e4b00000,0x00000000e592a050,0x00000000e6180000)
  to   space 23040K, 0% used [0x00000000e8c80000,0x00000000e8c80000,0x00000000ea300000)
 ParOldGen       total 150528K, used 40946K [0x0000000081e00000, 0x000000008b100000, 0x00000000d5f80000)
  object space 150528K, 27% used [0x0000000081e00000,0x00000000845fcbd8,0x000000008b100000)
 Metaspace       used 66132K, capacity 69562K, committed 69888K, reserved 1110016K
  class space    used 9270K, capacity 9862K, committed 9984K, reserved 1048576K
Event: 13.692 GC heap after
Heap after GC invocations=17 (full 3):
 PSYoungGen      total 305664K, used 20768K [0x00000000d5f80000, 0x00000000ea780000, 0x0000000100000000)
  eden space 282624K, 0% used [0x00000000d5f80000,0x00000000d5f80000,0x00000000e7380000)
  from space 23040K, 90% used [0x00000000e8c80000,0x00000000ea0c8380,0x00000000ea300000)
  to   space 25600K, 0% used [0x00000000e7380000,0x00000000e7380000,0x00000000e8c80000)
 ParOldGen       total 150528K, used 40954K [0x0000000081e00000, 0x000000008b100000, 0x00000000d5f80000)
  object space 150528K, 27% used [0x0000000081e00000,0x00000000845febd8,0x000000008b100000)
 Metaspace       used 66132K, capacity 69562K, committed 69888K, reserved 1110016K
  class space    used 9270K, capacity 9862K, committed 9984K, reserved 1048576K
}

Deoptimization events (0 events):
No events

Internal exceptions (10 events):
Event: 313.477 Thread 0x000000001ad1d000 Exception <a 'java/lang/ArrayIndexOutOfBoundsException'> (0x00000000df74d758) thrown at [D:\re\workspace\8-2-build-windows-amd64-cygwin\jdk8u92\6642\hotspot\src\share\vm\runtime\sharedRuntime.cpp, line 605]
Event: 313.478 Thread 0x000000001ad1d000 Exception <a 'java/lang/ArrayIndexOutOfBoundsException'> (0x00000000df750518) thrown at [D:\re\workspace\8-2-build-windows-amd64-cygwin\jdk8u92\6642\hotspot\src\share\vm\runtime\sharedRuntime.cpp, line 605]
Event: 375.377 Thread 0x000000001ad1d000 Exception <a 'java/lang/NullPointerException'> (0x00000000df77bed8) thrown at [D:\re\workspace\8-2-build-windows-amd64-cygwin\jdk8u92\6642\hotspot\src\share\vm\interpreter\linkResolver.cpp, line 1280]
Event: 375.379 Thread 0x000000001ad1d000 Exception <a 'java/lang/reflect/InvocationTargetException'> (0x00000000df77dcd8) thrown at [D:\re\workspace\8-2-build-windows-amd64-cygwin\jdk8u92\6642\hotspot\src\share\vm\runtime\reflection.cpp, line 1092]
Event: 378.962 Thread 0x000000001ad18800 Exception <a 'java/lang/ArrayIndexOutOfBoundsException'> (0x00000000e046e458) thrown at [D:\re\workspace\8-2-build-windows-amd64-cygwin\jdk8u92\6642\hotspot\src\share\vm\runtime\sharedRuntime.cpp, line 605]
Event: 378.962 Thread 0x000000001ad18800 Exception <a 'java/lang/ArrayIndexOutOfBoundsException'> (0x00000000e0472180) thrown at [D:\re\workspace\8-2-build-windows-amd64-cygwin\jdk8u92\6642\hotspot\src\share\vm\runtime\sharedRuntime.cpp, line 605]
Event: 378.962 Thread 0x000000001ad18800 Exception <a 'java/lang/ArrayIndexOutOfBoundsException'> (0x00000000e0474f40) thrown at [D:\re\workspace\8-2-build-windows-amd64-cygwin\jdk8u92\6642\hotspot\src\share\vm\runtime\sharedRuntime.cpp, line 605]
Event: 378.964 Thread 0x000000001ad18800 Exception <a 'java/lang/ArrayIndexOutOfBoundsException'> (0x00000000e047cc28) thrown at [D:\re\workspace\8-2-build-windows-amd64-cygwin\jdk8u92\6642\hotspot\src\share\vm\runtime\sharedRuntime.cpp, line 605]
Event: 378.965 Thread 0x000000001ad18800 Exception <a 'java/lang/ArrayIndexOutOfBoundsException'> (0x00000000e0480950) thrown at [D:\re\workspace\8-2-build-windows-amd64-cygwin\jdk8u92\6642\hotspot\src\share\vm\runtime\sharedRuntime.cpp, line 605]
Event: 378.965 Thread 0x000000001ad18800 Exception <a 'java/lang/ArrayIndexOutOfBoundsException'> (0x00000000e0483710) thrown at [D:\re\workspace\8-2-build-windows-amd64-cygwin\jdk8u92\6642\hotspot\src\share\vm\runtime\sharedRuntime.cpp, line 605]

Events (10 events):
Event: 420.992 Executing VM operation: EnterInterpOnlyMode
Event: 420.993 Executing nested VM operation: Deoptimize
Event: 420.993 Executing nested VM operation: Deoptimize done
Event: 420.993 Executing VM operation: EnterInterpOnlyMode done
Event: 420.993 Executing VM operation: ChangeSingleStep
Event: 420.994 Executing VM operation: ChangeSingleStep done
Event: 420.994 Executing VM operation: ChangeSingleStep
Event: 420.994 Executing VM operation: ChangeSingleStep done
Event: 421.021 Executing VM operation: RedefineClasses
Event: 421.057 Executing VM operation: RedefineClasses done


Dynamic libraries:
0x00007ff6d7790000 - 0x00007ff6d77c7000 	C:\DEV\jdk1.8.0_92\bin\javaw.exe
0x00007ffe1e7c0000 - 0x00007ffe1e9b0000 	C:\WINDOWS\SYSTEM32\ntdll.dll
0x00007ffe1e140000 - 0x00007ffe1e1f2000 	C:\WINDOWS\System32\KERNEL32.DLL
0x00007ffe1b780000 - 0x00007ffe1ba24000 	C:\WINDOWS\System32\KERNELBASE.dll
0x00007ffe1dae0000 - 0x00007ffe1db83000 	C:\WINDOWS\System32\ADVAPI32.dll
0x00007ffe1e470000 - 0x00007ffe1e50e000 	C:\WINDOWS\System32\msvcrt.dll
0x00007ffe1e5c0000 - 0x00007ffe1e657000 	C:\WINDOWS\System32\sechost.dll
0x00007ffe1e660000 - 0x00007ffe1e780000 	C:\WINDOWS\System32\RPCRT4.dll
0x00007ffe1e270000 - 0x00007ffe1e404000 	C:\WINDOWS\System32\USER32.dll
0x00007ffe1c840000 - 0x00007ffe1c861000 	C:\WINDOWS\System32\win32u.dll
0x00007ffe1c9e0000 - 0x00007ffe1ca06000 	C:\WINDOWS\System32\GDI32.dll
0x00007ffe1c6a0000 - 0x00007ffe1c834000 	C:\WINDOWS\System32\gdi32full.dll
0x00007ffe1c5a0000 - 0x00007ffe1c63e000 	C:\WINDOWS\System32\msvcp_win.dll
0x00007ffe1c4a0000 - 0x00007ffe1c59a000 	C:\WINDOWS\System32\ucrtbase.dll
0x00007ffe0d460000 - 0x00007ffe0d6e4000 	C:\WINDOWS\WinSxS\amd64_microsoft.windows.common-controls_6595b64144ccf1df_6.0.18362.836_none_e6c4b943130f18ed\COMCTL32.dll
0x00007ffe1d180000 - 0x00007ffe1d4b6000 	C:\WINDOWS\System32\combase.dll
0x00007ffe1c1b0000 - 0x00007ffe1c230000 	C:\WINDOWS\System32\bcryptPrimitives.dll
0x00007ffe1c870000 - 0x00007ffe1c89e000 	C:\WINDOWS\System32\IMM32.DLL
0x000000006b840000 - 0x000000006b912000 	C:\DEV\jdk1.8.0_92\jre\bin\msvcr100.dll
0x000000006afa0000 - 0x000000006b836000 	C:\DEV\jdk1.8.0_92\jre\bin\server\jvm.dll
0x00007ffe1dd30000 - 0x00007ffe1dd38000 	C:\WINDOWS\System32\PSAPI.DLL
0x00007ffe0a8f0000 - 0x00007ffe0a8f9000 	C:\WINDOWS\SYSTEM32\WSOCK32.dll
0x00007ffe1de40000 - 0x00007ffe1deaf000 	C:\WINDOWS\System32\WS2_32.dll
0x00007ffe113a0000 - 0x00007ffe113c4000 	C:\WINDOWS\SYSTEM32\WINMM.dll
0x00007ffe16e70000 - 0x00007ffe16e7a000 	C:\WINDOWS\SYSTEM32\VERSION.dll
0x00007ffe11370000 - 0x00007ffe1139d000 	C:\WINDOWS\SYSTEM32\WINMMBASE.dll
0x00007ffe1c450000 - 0x00007ffe1c49a000 	C:\WINDOWS\System32\cfgmgr32.dll
0x000000006af90000 - 0x000000006af9f000 	C:\DEV\jdk1.8.0_92\jre\bin\verify.dll
0x000000006af60000 - 0x000000006af89000 	C:\DEV\jdk1.8.0_92\jre\bin\java.dll
0x000000006ce40000 - 0x000000006ce75000 	C:\DEV\jdk1.8.0_92\jre\bin\jdwp.dll
0x000000006ce30000 - 0x000000006ce38000 	C:\DEV\jdk1.8.0_92\jre\bin\npt.dll
0x000000006af40000 - 0x000000006af56000 	C:\DEV\jdk1.8.0_92\jre\bin\zip.dll
0x00007ffe1ca30000 - 0x00007ffe1d114000 	C:\WINDOWS\System32\SHELL32.dll
0x00007ffe1e090000 - 0x00007ffe1e139000 	C:\WINDOWS\System32\shcore.dll
0x00007ffe1ba30000 - 0x00007ffe1c1ae000 	C:\WINDOWS\System32\windows.storage.dll
0x00007ffe1b720000 - 0x00007ffe1b743000 	C:\WINDOWS\System32\profapi.dll
0x00007ffe1b6b0000 - 0x00007ffe1b6fa000 	C:\WINDOWS\System32\powrprof.dll
0x00007ffe1b680000 - 0x00007ffe1b690000 	C:\WINDOWS\System32\UMPDC.dll
0x00007ffe1d120000 - 0x00007ffe1d172000 	C:\WINDOWS\System32\shlwapi.dll
0x00007ffe1b700000 - 0x00007ffe1b711000 	C:\WINDOWS\System32\kernel.appcore.dll
0x00007ffe1c230000 - 0x00007ffe1c247000 	C:\WINDOWS\System32\cryptsp.dll
0x000000006ce20000 - 0x000000006ce29000 	C:\DEV\jdk1.8.0_92\jre\bin\dt_socket.dll
0x00007ffe16770000 - 0x00007ffe16786000 	C:\WINDOWS\system32\napinsp.dll
0x00007ffe16750000 - 0x00007ffe1676a000 	C:\WINDOWS\system32\pnrpnsp.dll
0x00007ffe1ae90000 - 0x00007ffe1aef7000 	C:\WINDOWS\System32\mswsock.dll
0x00007ffe1abe0000 - 0x00007ffe1acab000 	C:\WINDOWS\SYSTEM32\DNSAPI.dll
0x00007ffe1e260000 - 0x00007ffe1e268000 	C:\WINDOWS\System32\NSI.dll
0x00007ffe1aba0000 - 0x00007ffe1abda000 	C:\WINDOWS\SYSTEM32\IPHLPAPI.DLL
0x00007ffe170a0000 - 0x00007ffe170ae000 	C:\WINDOWS\System32\winrnr.dll
0x00007ffe161a0000 - 0x00007ffe161bc000 	C:\WINDOWS\system32\NLAapi.dll
0x00007ffe174e0000 - 0x00007ffe174f5000 	C:\WINDOWS\system32\wshbth.dll
0x00007ffe134b0000 - 0x00007ffe13527000 	C:\WINDOWS\System32\fwpuclnt.dll
0x00007ffe1b750000 - 0x00007ffe1b776000 	C:\WINDOWS\System32\bcrypt.dll
0x00007ffe12080000 - 0x00007ffe1208a000 	C:\Windows\System32\rasadhlp.dll
0x000000006aeb0000 - 0x000000006aebd000 	C:\DEV\jdk1.8.0_92\jre\bin\management.dll
0x000000006af20000 - 0x000000006af3a000 	C:\DEV\jdk1.8.0_92\jre\bin\net.dll
0x000000006af00000 - 0x000000006af11000 	C:\DEV\jdk1.8.0_92\jre\bin\nio.dll
0x00007ffe1aa00000 - 0x00007ffe1aa33000 	C:\WINDOWS\system32\rsaenh.dll
0x00007ffe1b5a0000 - 0x00007ffe1b5c5000 	C:\WINDOWS\SYSTEM32\USERENV.dll
0x00007ffe1b060000 - 0x00007ffe1b06c000 	C:\WINDOWS\SYSTEM32\CRYPTBASE.dll
0x00007ffe14fc0000 - 0x00007ffe14fd6000 	C:\WINDOWS\SYSTEM32\dhcpcsvc6.DLL
0x00007ffe154d0000 - 0x00007ffe154ec000 	C:\WINDOWS\SYSTEM32\dhcpcsvc.DLL
0x000000006aed0000 - 0x000000006aef4000 	C:\DEV\jdk1.8.0_92\jre\bin\sunec.dll
0x000000006aec0000 - 0x000000006aecb000 	C:\DEV\jdk1.8.0_92\jre\bin\sunmscapi.dll
0x00007ffe1c250000 - 0x00007ffe1c399000 	C:\WINDOWS\System32\CRYPT32.dll
0x00007ffe1b690000 - 0x00007ffe1b6a2000 	C:\WINDOWS\System32\MSASN1.dll
0x00007ffe15270000 - 0x00007ffe15464000 	C:\WINDOWS\SYSTEM32\dbghelp.dll

VM Arguments:
jvm_args: -agentlib:jdwp=transport=dt_socket,suspend=y,address=localhost:49870 -Dcom.sun.management.jmxremote -Dcom.sun.management.jmxremote.port=49869 -Dcom.sun.management.jmxremote.authenticate=false -Dcom.sun.management.jmxremote.ssl=false -Djava.rmi.server.hostname=localhost -Dspring.liveBeansView.mbeanDomain -Dspring.application.admin.enabled=true -Xverify:none -XX:TieredStopAtLevel=1 -Dfile.encoding=UTF-8 
java_command: com.app.reg.springbootregapp.SpringbootRegAppApplication --spring.output.ansi.enabled=always
java_class_path (initial): C:\DEV\projeto springboot-reg-app\springboot-reg-app\target\classes;C:\DEV\Springboot\sts-bundle2\sts-3.9.6.RELEASE\plugins\org.junit_4.12.0.v201504281640\junit.jar;C:\DEV\Springboot\sts-bundle2\sts-3.9.6.RELEASE\plugins\org.hamcrest.core_1.3.0.v20180420-1519.jar;C:\Users\danie\.m2\repository\com\fasterxml\jackson\core\jackson-databind\2.9.4\jackson-databind-2.9.4.jar;C:\Users\danie\.m2\repository\com\fasterxml\jackson\core\jackson-annotations\2.9.0\jackson-annotations-2.9.0.jar;C:\Users\danie\.m2\repository\com\fasterxml\jackson\core\jackson-core\2.9.8\jackson-core-2.9.8.jar;C:\Users\danie\.m2\repository\org\springframework\boot\spring-boot-starter-data-jpa\2.1.4.RELEASE\spring-boot-starter-data-jpa-2.1.4.RELEASE.jar;C:\Users\danie\.m2\repository\org\springframework\boot\spring-boot-starter-aop\2.1.4.RELEASE\spring-boot-starter-aop-2.1.4.RELEASE.jar;C:\Users\danie\.m2\repository\org\aspectj\aspectjweaver\1.9.2\aspectjweaver-1.9.2.jar;C:\Users\danie\.m2\repository\org\springframework\boot\spring-boot-starter-jdbc\2.1.4.RELEASE\spring-boot-starter-jdbc-2.1.4.RELEASE.jar;C:\Users\danie\.m2\repository\com\zaxxer\HikariCP\3.2.0\HikariCP-3.2.0.jar;C:\Users\danie\.m2\repository\org\springframework\spring-jdbc\5.1.6.RELEASE\spring-jdbc-5.1.6.RELEASE.jar;C:\Users\danie\.m2\repository\javax\transaction\javax.transaction-api\1.3\javax.transaction-api-1.3.jar;C:\Users\danie\.m2\repository\javax\xml\bind\jaxb-api\2.3.1\jaxb-api-2.3.1.jar;C:\Users\danie\.m2\repository\javax\activation\javax.activation-api\1.2.0\javax.activation-api-1.2.0.jar;C:\Users\danie\.m2\repository\org\hibernate\hibernate-core\5.3.9.Final\hibernate-core-5.3.9.Final.jar;C:\Users\danie\.m2\repository\org\jboss\logging\jboss-logging\3.3.2.Final\jboss-logging-3.3.2.Final.jar;C:\Users\danie\.m2\repository\javax\persistence\javax.persistence-api\2.2\javax.persistence-api-2.2.jar;C:\Users\danie\.m2\repository\org\javassist\javassist\3.23.1-GA\javassist-3.23.1-GA.jar;C:\Users\danie\.m2
Launcher Type: SUN_STANDARD

Environment Variables:
JAVA_HOME=C:\DEV\jdk1.8.0_92
PATH=C:\DEV\jdk1.8.0_92\jre\bin;C:\Program Files (x86)\Common Files\Oracle\Java\javapath;C:\Program Files (x86)\Intel\iCLS Client\;C:\Program Files\Intel\iCLS Client\;C:\Windows\system32;C:\Windows;C:\Windows\System32\Wbem;C:\Windows\System32\WindowsPowerShell\v1.0\;C:\Program Files (x86)\Intel\Intel(R) Management Engine Components\DAL;C:\Program Files\Intel\Intel(R) Management Engine Components\DAL;C:\Program Files (x86)\Intel\Intel(R) Management Engine Components\IPT;C:\Program Files\Intel\Intel(R) Management Engine Components\IPT;C:\Program Files (x86)\NVIDIA Corporation\PhysX\Common;C:\Program Files\NVIDIA Corporation\NVIDIA NvDLISR;C:\WINDOWS\system32;C:\WINDOWS;C:\WINDOWS\System32\Wbem;C:\WINDOWS\System32\WindowsPowerShell\v1.0\;C:\WINDOWS\System32\OpenSSH\;C:\ProgramData\chocolatey\bin;C:\Program Files (x86)\Yarn\bin\;C:\Program Files\nodejs\;C:\Program Files\Git\cmd;C:\Program Files\PuTTY\;C:\DEV\projeto react\jdk\platform-tools;C:\DEV\projeto react\jdk\tools;C:\DEV\jdk1.8.0_92\bin;C:\Program Files\MongoDB\Server\4.2\bin;C:\DEV\apache-maven-3.6.3\bin;C:\Users\danie\AppData\Local\Microsoft\WindowsApps;C:\Users\danie\AppData\Local\Yarn\bin;C:\Users\danie\AppData\Roaming\npm;C:\Users\danie\AppData\Local\Programs\Microsoft VS Code\bin;C:\DEV\jdk1.8.0_92\bin;C:\DEV\projeto react\jdk\tools;C:\DEV\projeto react\jdk\bin;
USERNAME=danie
OS=Windows_NT
PROCESSOR_IDENTIFIER=Intel64 Family 6 Model 142 Stepping 9, GenuineIntel



---------------  S Y S T E M  ---------------

OS: Windows 10.0 , 64 bit Build 18362 (10.0.18362.778)

CPU:total 4 (2 cores per cpu, 2 threads per core) family 6 model 142 stepping 9, cmov, cx8, fxsr, mmx, sse, sse2, sse3, ssse3, sse4.1, sse4.2, popcnt, avx, avx2, aes, clmul, erms, 3dnowpref, lzcnt, ht, tsc, tscinvbit, bmi1, bmi2, adx

Memory: 4k page, physical 8261220k(2258756k free), swap 16668160k(5183220k free)

vm_info: Java HotSpot(TM) 64-Bit Server VM (25.92-b14) for windows-amd64 JRE (1.8.0_92-b14), built on Mar 31 2016 21:03:04 by "java_re" with MS VC++ 10.0 (VS2010)

time: Sun Jun 07 23:41:13 2020
elapsed time: 421 seconds (0d 0h 7m 1s)

